#
# A fatal error has been detected by the Java Runtime Environment:
#
#  EXCEPTION_ACCESS_VIOLATION (0xc0000005) at pc=0x00007fff9ed7df23, pid=11620, tid=0x0000000000002e70
#
# JRE version: Java(TM) SE Runtime Environment (8.0_131-b11) (build 1.8.0_131-b11)
# Java VM: Java HotSpot(TM) 64-Bit Server VM (25.131-b11 mixed mode windows-amd64 compressed oops)
# Problematic frame:
# C  [ntdll.dll+0x4df23]
#
# Failed to write core dump. Minidumps are not enabled by default on client versions of Windows
#
# If you would like to submit a bug report, please visit:
#   http://bugreport.java.com/bugreport/crash.jsp
# The crash happened outside the Java Virtual Machine in native code.
# See problematic frame for where to report the bug.
#

---------------  T H R E A D  ---------------

Current thread (0x000000001d088800):  JavaThread "SwingWorker-pool-2-thread-1" daemon [_thread_in_native, id=11888, stack(0x000000002b7b0000,0x000000002b8b0000)]

siginfo: ExceptionCode=0xc0000005, writing address 0x0000000000000024

Registers:
RAX=0xffffffffffffffff, RBX=0x000000001e2740d0, RCX=0x0000000000000000, RDX=0xffffffffffffffff
RSP=0x000000002b8ae7f0, RBP=0x0000000000000001, RSI=0x0000000000000000, RDI=0x0000000000000000
R8 =0x00000000fffffffa, R9 =0x00007fff8f200500, R10=0x0000000000000000, R11=0x000000002b8ae910
R12=0x0000000000000000, R13=0xffffffffffffffff, R14=0x0000000000706000, R15=0x0000000000000000
RIP=0x00007fff9ed7df23, EFLAGS=0x0000000000010213

Top of Stack: (sp=0x000000002b8ae7f0)
0x000000002b8ae7f0:   ffffffffffffffff 000000001e2740d0
0x000000002b8ae800:   0000ca81b93953e9 00007fff00000000
0x000000002b8ae810:   0000000000000000 00007fff62e8eb3b
0x000000002b8ae820:   000000001d088800 0000000000000001
0x000000002b8ae830:   00000000284cefc0 0000000000000000
0x000000002b8ae840:   0000000000000000 000000001e274000
0x000000002b8ae850:   0000000000000001 00007fff9ed39bbc
0x000000002b8ae860:   0000000100084300 00007ffffffffffa
0x000000002b8ae870:   0000000000706000 000000001e2740d0
0x000000002b8ae880:   000000002b8af0a8 00007fff9ed39ad0
0x000000002b8ae890:   000000001e2740c8 000000002b8ae940
0x000000002b8ae8a0:   000000001e274050 00007fff895a8080
0x000000002b8ae8b0:   000000002b8ae940 00007fff89590437
0x000000002b8ae8c0:   000000002b8ae918 000000002b8aea08
0x000000002b8ae8d0:   0000000000000008 000000007065723c
0x000000002b8ae8e0:   00000000dad21220 1d48327173003a5e 

Instructions: (pc=0x00007fff9ed7df23)
0x00007fff9ed7df03:   45 f7 48 39 7b 18 0f 84 bc 00 00 00 48 8b 0b 49
0x00007fff9ed7df13:   3b cd 0f 84 bd 00 00 00 44 8b e7 49 3b cd 74 03
0x00007fff9ed7df23:   ff 41 24 4c 8b 6b 18 48 8d 2d c7 15 11 00 45 33
0x00007fff9ed7df33:   f6 e8 47 4b fc ff 85 c0 0f 85 87 e0 06 00 b9 82 


Register to memory mapping:

RAX=0xffffffffffffffff is an unknown value
RBX=0x000000001e2740d0 is an unknown value
RCX=0x0000000000000000 is an unknown value
RDX=0xffffffffffffffff is an unknown value
RSP=0x000000002b8ae7f0 is pointing into the stack for thread: 0x000000001d088800
RBP=0x0000000000000001 is an unknown value
RSI=0x0000000000000000 is an unknown value
RDI=0x0000000000000000 is an unknown value
R8 =0x00000000fffffffa is an unallocated location in the heap
R9 =0x00007fff8f200500 is an unknown value
R10=0x0000000000000000 is an unknown value
R11=0x000000002b8ae910 is pointing into the stack for thread: 0x000000001d088800
R12=0x0000000000000000 is an unknown value
R13=0xffffffffffffffff is an unknown value
R14=0x0000000000706000 is an unknown value
R15=0x0000000000000000 is an unknown value


Stack: [0x000000002b7b0000,0x000000002b8b0000],  sp=0x000000002b8ae7f0,  free space=1017k
Native frames: (J=compiled Java code, j=interpreted, Vv=VM code, C=native code)
C  [ntdll.dll+0x4df23]
C  [ntdll.dll+0x9bbc]
C  [ntdll.dll+0x9ad0]
C  [libvlc.dll+0x10437]
C  [jna6584482711547766929.dll+0x176f3]
C  [jna6584482711547766929.dll+0xffe7]
C  [jna6584482711547766929.dll+0x3d1a]
C  [jna6584482711547766929.dll+0x4e97]
C  0x0000000002de7f74

Java frames: (J=compiled Java code, j=interpreted, Vv=VM code)
j  com.sun.jna.Native.invokeLong(JI[Ljava/lang/Object;)J+0
j  com.sun.jna.Function.invoke([Ljava/lang/Object;Ljava/lang/Class;Z)Ljava/lang/Object;+389
j  com.sun.jna.Function.invoke(Ljava/lang/Class;[Ljava/lang/Object;Ljava/util/Map;)Ljava/lang/Object;+214
j  com.sun.jna.Library$Handler.invoke(Ljava/lang/Object;Ljava/lang/reflect/Method;[Ljava/lang/Object;)Ljava/lang/Object;+341
j  com.sun.proxy.$Proxy1.libvlc_media_player_get_length(Luk/co/caprica/vlcj/binding/internal/libvlc_media_player_t;)J+16
j  uk.co.caprica.vlcj.player.DefaultMediaPlayer.getLength()J+19
j  com.map.video.VideoPlayer$1$1.doInBackground()Ljava/lang/String;+6
j  com.map.video.VideoPlayer$1$1.doInBackground()Ljava/lang/Object;+1
j  javax.swing.SwingWorker$1.call()Ljava/lang/Object;+14
j  java.util.concurrent.FutureTask.run()V+42
j  javax.swing.SwingWorker.run()V+4
j  java.util.concurrent.ThreadPoolExecutor.runWorker(Ljava/util/concurrent/ThreadPoolExecutor$Worker;)V+95
j  java.util.concurrent.ThreadPoolExecutor$Worker.run()V+5
j  java.lang.Thread.run()V+11
v  ~StubRoutines::call_stub

---------------  P R O C E S S  ---------------

Java Threads: ( => current thread )
  0x000000001d08a800 JavaThread "Keep-Alive-Timer" daemon [_thread_blocked, id=11288, stack(0x0000000033740000,0x0000000033840000)]
  0x000000001d08a000 JavaThread "Idle WorldWind Retriever" daemon [_thread_blocked, id=9064, stack(0x0000000033440000,0x0000000033540000)]
  0x000000001d08f000 JavaThread "Idle WorldWind Task " daemon [_thread_blocked, id=5196, stack(0x0000000031770000,0x0000000031870000)]
  0x000000001d082800 JavaThread "Idle WorldWind Task " daemon [_thread_blocked, id=5852, stack(0x0000000031670000,0x0000000031770000)]
  0x000000001d089000 JavaThread "Idle WorldWind Task " daemon [_thread_blocked, id=7640, stack(0x0000000031570000,0x0000000031670000)]
  0x000000001d084000 JavaThread "Idle WorldWind Task " daemon [_thread_blocked, id=7040, stack(0x0000000031470000,0x0000000031570000)]
  0x000000001d083000 JavaThread "Idle WorldWind Task " daemon [_thread_blocked, id=11804, stack(0x0000000031370000,0x0000000031470000)]
  0x000000001d081800 JavaThread "TimerQueue" daemon [_thread_blocked, id=2124, stack(0x000000002b8b0000,0x000000002b9b0000)]
=>0x000000001d088800 JavaThread "SwingWorker-pool-2-thread-1" daemon [_thread_in_native, id=11888, stack(0x000000002b7b0000,0x000000002b8b0000)]
  0x000000001d085800 JavaThread "DestroyJavaVM" [_thread_blocked, id=2456, stack(0x0000000002bd0000,0x0000000002cd0000)]
  0x000000001d081000 JavaThread "Image Fetcher 1" daemon [_thread_blocked, id=3584, stack(0x0000000029d90000,0x0000000029e90000)]
  0x000000001cc5f800 JavaThread "main-SharedResourceRunner" daemon [_thread_blocked, id=6448, stack(0x000000001e4a0000,0x000000001e5a0000)]
  0x000000001b64e800 JavaThread "AWT-EventQueue-0" [_thread_blocked, id=9288, stack(0x000000001dba0000,0x000000001dca0000)]
  0x000000001b3b7000 JavaThread "AWT-Windows" daemon [_thread_in_native, id=11504, stack(0x000000001bd00000,0x000000001be00000)]
  0x000000001b3b5800 JavaThread "AWT-Shutdown" [_thread_blocked, id=10572, stack(0x000000001bc00000,0x000000001bd00000)]
  0x000000001b3b4800 JavaThread "Java2D Disposer" daemon [_thread_blocked, id=7556, stack(0x000000001bb00000,0x000000001bc00000)]
  0x0000000019728800 JavaThread "Service Thread" daemon [_thread_blocked, id=3104, stack(0x000000001af90000,0x000000001b090000)]
  0x000000001969c800 JavaThread "C1 CompilerThread3" daemon [_thread_blocked, id=1160, stack(0x000000001ae90000,0x000000001af90000)]
  0x000000001969b800 JavaThread "C2 CompilerThread2" daemon [_thread_blocked, id=3504, stack(0x000000001ad90000,0x000000001ae90000)]
  0x0000000019697000 JavaThread "C2 CompilerThread1" daemon [_thread_blocked, id=11672, stack(0x000000001ac90000,0x000000001ad90000)]
  0x000000001968e000 JavaThread "C2 CompilerThread0" daemon [_thread_blocked, id=11144, stack(0x000000001ab90000,0x000000001ac90000)]
  0x000000001968a800 JavaThread "Attach Listener" daemon [_thread_blocked, id=12024, stack(0x000000001aa90000,0x000000001ab90000)]
  0x0000000017f5e800 JavaThread "Signal Dispatcher" daemon [_thread_blocked, id=8444, stack(0x000000001a990000,0x000000001aa90000)]
  0x0000000019623000 JavaThread "Finalizer" daemon [_thread_blocked, id=12028, stack(0x000000001a890000,0x000000001a990000)]
  0x0000000002dc9000 JavaThread "Reference Handler" daemon [_thread_blocked, id=5432, stack(0x000000001a790000,0x000000001a890000)]

Other Threads:
  0x0000000019602800 VMThread [stack: 0x000000001a690000,0x000000001a790000] [id=636]
  0x00000000197a5800 WatcherThread [stack: 0x000000001b090000,0x000000001b190000] [id=11172]

VM state:not at safepoint (normal execution)

VM Mutex/Monitor currently owned by a thread: None

Heap:
 PSYoungGen      total 213504K, used 195028K [0x00000000d5f00000, 0x00000000e8e00000, 0x0000000100000000)
  eden space 204800K, 94% used [0x00000000d5f00000,0x00000000e1b09d38,0x00000000e2700000)
  from space 8704K, 28% used [0x00000000e2700000,0x00000000e296b6c0,0x00000000e2f80000)
  to   space 8704K, 0% used [0x00000000e8580000,0x00000000e8580000,0x00000000e8e00000)
 ParOldGen       total 48640K, used 7349K [0x0000000081c00000, 0x0000000084b80000, 0x00000000d5f00000)
  object space 48640K, 15% used [0x0000000081c00000,0x000000008232d578,0x0000000084b80000)
 Metaspace       used 32338K, capacity 32675K, committed 32896K, reserved 1079296K
  class space    used 3606K, capacity 3694K, committed 3712K, reserved 1048576K

Card table byte_map: [0x0000000012190000,0x0000000012590000] byte_map_base: 0x0000000011d82000

Marking Bits: (ParMarkBitMap*) 0x0000000070cbc720
 Begin Bits: [0x0000000013240000, 0x00000000151d0000)
 End Bits:   [0x00000000151d0000, 0x0000000017160000)

Polling page: 0x0000000000a10000

CodeCache: size=245760Kb used=15901Kb max_used=15901Kb free=229858Kb
 bounds [0x0000000002dd0000, 0x0000000003d70000, 0x0000000011dd0000]
 total_blobs=5298 nmethods=4320 adapters=890
 compilation: enabled

Compilation events (10 events):
Event: 6.437 Thread 0x000000001969c800 4326       3       sun.java2d.loops.CompositeType::equals (29 bytes)
Event: 6.438 Thread 0x000000001969c800 nmethod 4326 0x0000000003d66750 code [0x0000000003d668c0, 0x0000000003d66cb0]
Event: 6.438 Thread 0x000000001969c800 4325       3       sun.java2d.pipe.Region::isInsideXYXY (39 bytes)
Event: 6.438 Thread 0x000000001969c800 nmethod 4325 0x0000000003d662d0 code [0x0000000003d66440, 0x0000000003d666b0]
Event: 6.564 Thread 0x000000001969c800 4328       1       javax.swing.JComponent::isOptimizedDrawingEnabled (2 bytes)
Event: 6.564 Thread 0x000000001969c800 nmethod 4328 0x0000000003d66010 code [0x0000000003d66160, 0x0000000003d66270]
Event: 6.564 Thread 0x000000001969c800 4327       1       javax.swing.JComponent::isPaintingOrigin (2 bytes)
Event: 6.564 Thread 0x000000001969c800 nmethod 4327 0x0000000003d65d50 code [0x0000000003d65ea0, 0x0000000003d65fb0]
Event: 6.564 Thread 0x000000001969c800 4329       3       java.awt.font.FontRenderContext::equals (127 bytes)
Event: 6.565 Thread 0x000000001969c800 nmethod 4329 0x0000000003d64250 code [0x0000000003d64500, 0x0000000003d65818]

GC Heap History (10 events):
Event: 1.194 GC heap before
{Heap before GC invocations=6 (full 1):
 PSYoungGen      total 71680K, used 66560K [0x00000000d5f00000, 0x00000000daa00000, 0x0000000100000000)
  eden space 66560K, 100% used [0x00000000d5f00000,0x00000000da000000,0x00000000da000000)
  from space 5120K, 0% used [0x00000000da500000,0x00000000da500000,0x00000000daa00000)
  to   space 5120K, 0% used [0x00000000da000000,0x00000000da000000,0x00000000da500000)
 ParOldGen       total 48640K, used 6536K [0x0000000081c00000, 0x0000000084b80000, 0x00000000d5f00000)
  object space 48640K, 13% used [0x0000000081c00000,0x0000000082262168,0x0000000084b80000)
 Metaspace       used 24179K, capacity 24393K, committed 24576K, reserved 1071104K
  class space    used 2701K, capacity 2763K, committed 2816K, reserved 1048576K
Event: 1.196 GC heap after
Heap after GC invocations=6 (full 1):
 PSYoungGen      total 71680K, used 2429K [0x00000000d5f00000, 0x00000000de480000, 0x0000000100000000)
  eden space 66560K, 0% used [0x00000000d5f00000,0x00000000d5f00000,0x00000000da000000)
  from space 5120K, 47% used [0x00000000da000000,0x00000000da25f490,0x00000000da500000)
  to   space 8704K, 0% used [0x00000000ddc00000,0x00000000ddc00000,0x00000000de480000)
 ParOldGen       total 48640K, used 6544K [0x0000000081c00000, 0x0000000084b80000, 0x00000000d5f00000)
  object space 48640K, 13% used [0x0000000081c00000,0x0000000082264168,0x0000000084b80000)
 Metaspace       used 24179K, capacity 24393K, committed 24576K, reserved 1071104K
  class space    used 2701K, capacity 2763K, committed 2816K, reserved 1048576K
}
Event: 1.229 GC heap before
{Heap before GC invocations=7 (full 1):
 PSYoungGen      total 71680K, used 68989K [0x00000000d5f00000, 0x00000000de480000, 0x0000000100000000)
  eden space 66560K, 100% used [0x00000000d5f00000,0x00000000da000000,0x00000000da000000)
  from space 5120K, 47% used [0x00000000da000000,0x00000000da25f490,0x00000000da500000)
  to   space 8704K, 0% used [0x00000000ddc00000,0x00000000ddc00000,0x00000000de480000)
 ParOldGen       total 48640K, used 6544K [0x0000000081c00000, 0x0000000084b80000, 0x00000000d5f00000)
  object space 48640K, 13% used [0x0000000081c00000,0x0000000082264168,0x0000000084b80000)
 Metaspace       used 24412K, capacity 24617K, committed 24832K, reserved 1071104K
  class space    used 2717K, capacity 2795K, committed 2816K, reserved 1048576K
Event: 1.230 GC heap after
Heap after GC invocations=7 (full 1):
 PSYoungGen      total 125952K, used 1088K [0x00000000d5f00000, 0x00000000de400000, 0x0000000100000000)
  eden space 117760K, 0% used [0x00000000d5f00000,0x00000000d5f00000,0x00000000dd200000)
  from space 8192K, 13% used [0x00000000ddc00000,0x00000000ddd10010,0x00000000de400000)
  to   space 9216K, 0% used [0x00000000dd200000,0x00000000dd200000,0x00000000ddb00000)
 ParOldGen       total 48640K, used 6552K [0x0000000081c00000, 0x0000000084b80000, 0x00000000d5f00000)
  object space 48640K, 13% used [0x0000000081c00000,0x0000000082266168,0x0000000084b80000)
 Metaspace       used 24412K, capacity 24617K, committed 24832K, reserved 1071104K
  class space    used 2717K, capacity 2795K, committed 2816K, reserved 1048576K
}
Event: 1.281 GC heap before
{Heap before GC invocations=8 (full 1):
 PSYoungGen      total 125952K, used 118848K [0x00000000d5f00000, 0x00000000de400000, 0x0000000100000000)
  eden space 117760K, 100% used [0x00000000d5f00000,0x00000000dd200000,0x00000000dd200000)
  from space 8192K, 13% used [0x00000000ddc00000,0x00000000ddd10010,0x00000000de400000)
  to   space 9216K, 0% used [0x00000000dd200000,0x00000000dd200000,0x00000000ddb00000)
 ParOldGen       total 48640K, used 6552K [0x0000000081c00000, 0x0000000084b80000, 0x00000000d5f00000)
  object space 48640K, 13% used [0x0000000081c00000,0x0000000082266168,0x0000000084b80000)
 Metaspace       used 25384K, capacity 25633K, committed 25728K, reserved 1073152K
  class space    used 2819K, capacity 2933K, committed 2944K, reserved 1048576K
Event: 1.283 GC heap after
Heap after GC invocations=8 (full 1):
 PSYoungGen      total 126976K, used 2452K [0x00000000d5f00000, 0x00000000e3a80000, 0x0000000100000000)
  eden space 117760K, 0% used [0x00000000d5f00000,0x00000000d5f00000,0x00000000dd200000)
  from space 9216K, 26% used [0x00000000dd200000,0x00000000dd465180,0x00000000ddb00000)
  to   space 9216K, 0% used [0x00000000e3180000,0x00000000e3180000,0x00000000e3a80000)
 ParOldGen       total 48640K, used 6560K [0x0000000081c00000, 0x0000000084b80000, 0x00000000d5f00000)
  object space 48640K, 13% used [0x0000000081c00000,0x0000000082268168,0x0000000084b80000)
 Metaspace       used 25384K, capacity 25633K, committed 25728K, reserved 1073152K
  class space    used 2819K, capacity 2933K, committed 2944K, reserved 1048576K
}
Event: 1.340 GC heap before
{Heap before GC invocations=9 (full 1):
 PSYoungGen      total 126976K, used 120212K [0x00000000d5f00000, 0x00000000e3a80000, 0x0000000100000000)
  eden space 117760K, 100% used [0x00000000d5f00000,0x00000000dd200000,0x00000000dd200000)
  from space 9216K, 26% used [0x00000000dd200000,0x00000000dd465180,0x00000000ddb00000)
  to   space 9216K, 0% used [0x00000000e3180000,0x00000000e3180000,0x00000000e3a80000)
 ParOldGen       total 48640K, used 6560K [0x0000000081c00000, 0x0000000084b80000, 0x00000000d5f00000)
  object space 48640K, 13% used [0x0000000081c00000,0x0000000082268168,0x0000000084b80000)
 Metaspace       used 25814K, capacity 26119K, committed 26368K, reserved 1073152K
  class space    used 2864K, capacity 2966K, committed 3072K, reserved 1048576K
Event: 1.342 GC heap after
Heap after GC invocations=9 (full 1):
 PSYoungGen      total 211456K, used 3091K [0x00000000d5f00000, 0x00000000e3800000, 0x0000000100000000)
  eden space 204800K, 0% used [0x00000000d5f00000,0x00000000d5f00000,0x00000000e2700000)
  from space 6656K, 46% used [0x00000000e3180000,0x00000000e3484cc0,0x00000000e3800000)
  to   space 8704K, 0% used [0x00000000e2700000,0x00000000e2700000,0x00000000e2f80000)
 ParOldGen       total 48640K, used 6568K [0x0000000081c00000, 0x0000000084b80000, 0x00000000d5f00000)
  object space 48640K, 13% used [0x0000000081c00000,0x000000008226a168,0x0000000084b80000)
 Metaspace       used 25814K, capacity 26119K, committed 26368K, reserved 1073152K
  class space    used 2864K, capacity 2966K, committed 3072K, reserved 1048576K
}
Event: 1.420 GC heap before
{Heap before GC invocations=10 (full 1):
 PSYoungGen      total 211456K, used 207891K [0x00000000d5f00000, 0x00000000e3800000, 0x0000000100000000)
  eden space 204800K, 100% used [0x00000000d5f00000,0x00000000e2700000,0x00000000e2700000)
  from space 6656K, 46% used [0x00000000e3180000,0x00000000e3484cc0,0x00000000e3800000)
  to   space 8704K, 0% used [0x00000000e2700000,0x00000000e2700000,0x00000000e2f80000)
 ParOldGen       total 48640K, used 6568K [0x0000000081c00000, 0x0000000084b80000, 0x00000000d5f00000)
  object space 48640K, 13% used [0x0000000081c00000,0x000000008226a168,0x0000000084b80000)
 Metaspace       used 25900K, capacity 26183K, committed 26624K, reserved 1073152K
  class space    used 2864K, capacity 2966K, committed 3072K, reserved 1048576K
Event: 1.422 GC heap after
Heap after GC invocations=10 (full 1):
 PSYoungGen      total 213504K, used 2477K [0x00000000d5f00000, 0x00000000e8e00000, 0x0000000100000000)
  eden space 204800K, 0% used [0x00000000d5f00000,0x00000000d5f00000,0x00000000e2700000)
  from space 8704K, 28% used [0x00000000e2700000,0x00000000e296b6c0,0x00000000e2f80000)
  to   space 8704K, 0% used [0x00000000e8580000,0x00000000e8580000,0x00000000e8e00000)
 ParOldGen       total 48640K, used 7349K [0x0000000081c00000, 0x0000000084b80000, 0x00000000d5f00000)
  object space 48640K, 15% used [0x0000000081c00000,0x000000008232d578,0x0000000084b80000)
 Metaspace       used 25900K, capacity 26183K, committed 26624K, reserved 1073152K
  class space    used 2864K, capacity 2966K, committed 3072K, reserved 1048576K
}

Deoptimization events (10 events):
Event: 2.075 Thread 0x000000001d428800 Uncommon trap: reason=class_check action=maybe_recompile pc=0x00000000035aa2dc method=java.util.regex.Matcher.search(I)Z @ 86
Event: 2.084 Thread 0x000000001d428800 Uncommon trap: reason=unstable_if action=reinterpret pc=0x0000000003505574 method=javax.xml.namespace.QName.equals(Ljava/lang/Object;)Z @ 36
Event: 2.298 Thread 0x000000001cca8800 Uncommon trap: reason=unstable_if action=reinterpret pc=0x0000000003989dd0 method=com.sun.org.apache.xerces.internal.util.SymbolTable.addSymbol0([CIIII)Ljava/lang/String; @ 8
Event: 2.323 Thread 0x000000001d429000 Uncommon trap: reason=unstable_if action=reinterpret pc=0x00000000039793a8 method=com.sun.org.apache.xerces.internal.util.SymbolTable.addSymbol0([CIIII)Ljava/lang/String; @ 8
Event: 2.631 Thread 0x000000001d086000 Uncommon trap: reason=class_check action=maybe_recompile pc=0x00000000036e212c method=java.lang.Character.toUpperCaseEx(I)I @ 26
Event: 2.722 Thread 0x000000001d08a000 Uncommon trap: reason=unstable_if action=reinterpret pc=0x000000000380745c method=java.nio.charset.CoderResult.isUnderflow()Z @ 4
Event: 4.014 Thread 0x000000001b64e800 Uncommon trap: reason=class_check action=maybe_recompile pc=0x0000000003466e0c method=java.util.Hashtable.put(Ljava/lang/Object;Ljava/lang/Object;)Ljava/lang/Object; @ 60
Event: 4.014 Thread 0x000000001b64e800 Uncommon trap: reason=class_check action=maybe_recompile pc=0x0000000003466e0c method=java.util.Hashtable.put(Ljava/lang/Object;Ljava/lang/Object;)Ljava/lang/Object; @ 60
Event: 4.015 Thread 0x000000001b64e800 Uncommon trap: reason=class_check action=maybe_recompile pc=0x0000000003466e0c method=java.util.Hashtable.put(Ljava/lang/Object;Ljava/lang/Object;)Ljava/lang/Object; @ 60
Event: 4.015 Thread 0x000000001b64e800 Uncommon trap: reason=class_check action=maybe_recompile pc=0x0000000003466e0c method=java.util.Hashtable.put(Ljava/lang/Object;Ljava/lang/Object;)Ljava/lang/Object; @ 60

Internal exceptions (10 events):
Event: 1.530 Thread 0x000000001b64e800 Exception <a 'java/lang/UnsatisfiedLinkError': 找不到指定的模块。
> (0x00000000da154bf8) thrown at [C:\re\workspace\8-2-build-windows-amd64-cygwin\jdk8u131\8869\hotspot\src\share\vm\prims\jni.cpp, line 735]
Event: 1.530 Thread 0x000000001b64e800 Exception <a 'java/lang/UnsatisfiedLinkError'> (0x00000000da15af48) thrown at [C:\re\workspace\8-2-build-windows-amd64-cygwin\jdk8u131\8869\hotspot\src\share\vm\oops\instanceKlass.cpp, line 964]
Event: 1.582 Thread 0x0000000000f4e000 Exception <a 'java/lang/reflect/InvocationTargetException'> (0x00000000d9d97c88) thrown at [C:\re\workspace\8-2-build-windows-amd64-cygwin\jdk8u131\8869\hotspot\src\share\vm\runtime\reflection.cpp, line 1092]
Event: 1.589 Thread 0x0000000000f4e000 Exception <a 'java/lang/reflect/InvocationTargetException'> (0x00000000d9df1ad8) thrown at [C:\re\workspace\8-2-build-windows-amd64-cygwin\jdk8u131\8869\hotspot\src\share\vm\runtime\reflection.cpp, line 1092]
Event: 1.705 Thread 0x000000001d428800 Implicit null exception at 0x00000000036fc998 to 0x00000000036fcadd
Event: 1.705 Thread 0x000000001d42e800 Implicit null exception at 0x00000000036fc998 to 0x00000000036fcadd
Event: 1.705 Thread 0x000000001d42f000 Implicit null exception at 0x00000000036fc998 to 0x00000000036fcadd
Event: 1.705 Thread 0x000000001d42a000 Implicit null exception at 0x00000000036fc998 to 0x00000000036fcadd
Event: 1.705 Thread 0x000000001d42d000 Implicit null exception at 0x00000000036fc998 to 0x00000000036fcadd
Event: 1.705 Thread 0x000000001d165000 Implicit null exception at 0x00000000036fc998 to 0x00000000036fcadd

Events (10 events):
Event: 4.126 Executing VM operation: RevokeBias
Event: 4.126 Executing VM operation: RevokeBias done
Event: 4.126 Executing VM operation: RevokeBias
Event: 4.126 Executing VM operation: RevokeBias done
Event: 4.126 Executing VM operation: RevokeBias
Event: 4.126 Executing VM operation: RevokeBias done
Event: 4.505 loading class java/awt/LightweightDispatcher$2
Event: 4.505 loading class java/awt/LightweightDispatcher$2 done
Event: 6.552 Thread 0x000000001b426000 Thread exited: 0x000000001b426000
Event: 6.563 Thread 0x000000001d087800 Thread exited: 0x000000001d087800


Dynamic libraries:
0x00007ff766d40000 - 0x00007ff766d77000 	C:\Program Files\Java\jre1.8.0_131\bin\javaw.exe
0x00007fff9ed30000 - 0x00007fff9ef1d000 	C:\WINDOWS\SYSTEM32\ntdll.dll
0x00007fff9bf60000 - 0x00007fff9c013000 	C:\WINDOWS\System32\KERNEL32.DLL
0x00007fff9bb10000 - 0x00007fff9bda3000 	C:\WINDOWS\System32\KERNELBASE.dll
0x00007fff9c020000 - 0x00007fff9c0c3000 	C:\WINDOWS\System32\ADVAPI32.dll
0x00007fff9e350000 - 0x00007fff9e3ee000 	C:\WINDOWS\System32\msvcrt.dll
0x00007fff9e9e0000 - 0x00007fff9ea7e000 	C:\WINDOWS\System32\sechost.dll
0x00007fff9e4c0000 - 0x00007fff9e5e2000 	C:\WINDOWS\System32\RPCRT4.dll
0x00007fff9e1b0000 - 0x00007fff9e347000 	C:\WINDOWS\System32\USER32.dll
0x00007fff9ae00000 - 0x00007fff9ae20000 	C:\WINDOWS\System32\win32u.dll
0x00007fff9e5f0000 - 0x00007fff9e619000 	C:\WINDOWS\System32\GDI32.dll
0x00007fff9b7a0000 - 0x00007fff9b93a000 	C:\WINDOWS\System32\gdi32full.dll
0x00007fff9be90000 - 0x00007fff9bf30000 	C:\WINDOWS\System32\msvcp_win.dll
0x00007fff9b940000 - 0x00007fff9ba3a000 	C:\WINDOWS\System32\ucrtbase.dll
0x00007fff8ada0000 - 0x00007fff8b019000 	C:\WINDOWS\WinSxS\amd64_microsoft.windows.common-controls_6595b64144ccf1df_6.0.17763.592_none_05b13d660722de30\COMCTL32.dll
0x00007fff9d6b0000 - 0x00007fff9d9dc000 	C:\WINDOWS\System32\combase.dll
0x00007fff9be10000 - 0x00007fff9be8e000 	C:\WINDOWS\System32\bcryptPrimitives.dll
0x00007fff9dd00000 - 0x00007fff9dd2e000 	C:\WINDOWS\System32\IMM32.DLL
0x00000000701f0000 - 0x00000000702c2000 	C:\Program Files\Java\jre1.8.0_131\bin\msvcr100.dll
0x00000000704a0000 - 0x0000000070d3c000 	C:\Program Files\Java\jre1.8.0_131\bin\server\jvm.dll
0x00007fff9e4b0000 - 0x00007fff9e4b8000 	C:\WINDOWS\System32\PSAPI.DLL
0x00007fff914f0000 - 0x00007fff914f9000 	C:\WINDOWS\SYSTEM32\WSOCK32.dll
0x00007fff98f20000 - 0x00007fff98f44000 	C:\WINDOWS\SYSTEM32\WINMM.dll
0x00007fff96030000 - 0x00007fff9603a000 	C:\WINDOWS\SYSTEM32\VERSION.dll
0x00007fff9d640000 - 0x00007fff9d6ad000 	C:\WINDOWS\System32\WS2_32.dll
0x00007fff98e00000 - 0x00007fff98e2d000 	C:\WINDOWS\SYSTEM32\winmmbase.dll
0x00007fff9b750000 - 0x00007fff9b79a000 	C:\WINDOWS\System32\cfgmgr32.dll
0x00000000703b0000 - 0x00000000703bf000 	C:\Program Files\Java\jre1.8.0_131\bin\verify.dll
0x0000000070380000 - 0x00000000703a9000 	C:\Program Files\Java\jre1.8.0_131\bin\java.dll
0x0000000070360000 - 0x0000000070376000 	C:\Program Files\Java\jre1.8.0_131\bin\zip.dll
0x00007fff9c0d0000 - 0x00007fff9d5c0000 	C:\WINDOWS\System32\SHELL32.dll
0x00007fff9eaa0000 - 0x00007fff9eb48000 	C:\WINDOWS\System32\shcore.dll
0x00007fff9ae20000 - 0x00007fff9b56a000 	C:\WINDOWS\System32\windows.storage.dll
0x00007fff9ad90000 - 0x00007fff9adb4000 	C:\WINDOWS\System32\profapi.dll
0x00007fff9ad30000 - 0x00007fff9ad8d000 	C:\WINDOWS\System32\powrprof.dll
0x00007fff9e7a0000 - 0x00007fff9e7f2000 	C:\WINDOWS\System32\shlwapi.dll
0x00007fff9adc0000 - 0x00007fff9add1000 	C:\WINDOWS\System32\kernel.appcore.dll
0x00007fff9ba40000 - 0x00007fff9ba57000 	C:\WINDOWS\System32\cryptsp.dll
0x0000000070050000 - 0x00000000701e8000 	C:\Program Files\Java\jre1.8.0_131\bin\awt.dll
0x00007fff9eb50000 - 0x00007fff9ec14000 	C:\WINDOWS\System32\OLEAUT32.dll
0x00007fff990e0000 - 0x00007fff9916c000 	C:\WINDOWS\SYSTEM32\apphelp.dll
0x00007fff99680000 - 0x00007fff996ae000 	C:\WINDOWS\system32\DWMAPI.DLL
0x00007fff9b570000 - 0x00007fff9b74b000 	C:\WINDOWS\System32\CRYPT32.dll
0x00007fff9ade0000 - 0x00007fff9adf2000 	C:\WINDOWS\System32\MSASN1.dll
0x00007fff99370000 - 0x00007fff9940c000 	C:\WINDOWS\system32\uxtheme.dll
0x00007fff869d0000 - 0x00007fff86af7000 	C:\WINDOWS\system32\opengl32.dll
0x00007fff89390000 - 0x00007fff893bc000 	C:\WINDOWS\SYSTEM32\GLU32.dll
0x00007fff9db90000 - 0x00007fff9dcfb000 	C:\WINDOWS\System32\MSCTF.dll
0x00007fff9e630000 - 0x00007fff9e785000 	C:\WINDOWS\System32\ole32.dll
0x00007fff9a110000 - 0x00007fff9a143000 	C:\WINDOWS\system32\rsaenh.dll
0x00007fff9bf30000 - 0x00007fff9bf56000 	C:\WINDOWS\System32\bcrypt.dll
0x00007fff9ac60000 - 0x00007fff9ac88000 	C:\WINDOWS\SYSTEM32\USERENV.dll
0x00007fff9a720000 - 0x00007fff9a72c000 	C:\WINDOWS\SYSTEM32\CRYPTBASE.dll
0x0000000070340000 - 0x000000007035a000 	C:\Program Files\Java\jre1.8.0_131\bin\net.dll
0x00007fff9a550000 - 0x00007fff9a5b7000 	C:\WINDOWS\system32\mswsock.dll
0x00007fff9a2b0000 - 0x00007fff9a2ed000 	C:\WINDOWS\SYSTEM32\IPHLPAPI.DLL
0x00007fff9e620000 - 0x00007fff9e628000 	C:\WINDOWS\System32\NSI.dll
0x00007fff96010000 - 0x00007fff96026000 	C:\WINDOWS\SYSTEM32\dhcpcsvc6.DLL
0x00007fff95e40000 - 0x00007fff95e5c000 	C:\WINDOWS\SYSTEM32\dhcpcsvc.DLL
0x00007fff9a2f0000 - 0x00007fff9a3b6000 	C:\WINDOWS\SYSTEM32\DNSAPI.dll
0x0000000070320000 - 0x0000000070331000 	C:\Program Files\Java\jre1.8.0_131\bin\nio.dll
0x0000000070000000 - 0x0000000070047000 	C:\Program Files\Java\jre1.8.0_131\bin\fontmanager.dll
0x000000006ffb0000 - 0x000000006fff2000 	C:\Program Files\Java\jre1.8.0_131\bin\t2k.dll
0x00000000637c0000 - 0x00000000637cd000 	C:\Users\Pangha\AppData\Local\Temp\jogamp_0000\file_cache\jln2761442940231431409\jln8026069014884903381\gluegen-rt.dll
0x000000006ffa0000 - 0x000000006ffa7000 	C:\Program Files\Java\jre1.8.0_131\bin\jawt.dll
0x000000006a440000 - 0x000000006a44d000 	C:\Users\Pangha\AppData\Local\Temp\jogamp_0000\file_cache\jln2761442940231431409\jln8026069014884903381\nativewindow_awt.dll
0x000000006c100000 - 0x000000006c10f000 	C:\Users\Pangha\AppData\Local\Temp\jogamp_0000\file_cache\jln2761442940231431409\jln8026069014884903381\nativewindow_win32.dll
0x0000000064500000 - 0x00000000645a0000 	C:\Users\Pangha\AppData\Local\Temp\jogamp_0000\file_cache\jln2761442940231431409\jln8026069014884903381\jogl_desktop.dll
0x00007fff5f520000 - 0x00007fff603b3000 	C:\WINDOWS\System32\DriverStore\FileRepository\iigd_dch_base.inf_amd64_b95c9a044993331b\ig9icd64.dll
0x00007fff99ab0000 - 0x00007fff99b72000 	C:\WINDOWS\system32\dxgi.dll
0x00007fff768c0000 - 0x00007fff769a2000 	C:\WINDOWS\System32\DriverStore\FileRepository\iigd_dch_base.inf_amd64_b95c9a044993331b\igdgmm64.dll
0x00007fff91810000 - 0x00007fff93775000 	C:\WINDOWS\System32\DriverStore\FileRepository\iigd_dch_base.inf_amd64_b95c9a044993331b\igc64.dll
0x00000000702f0000 - 0x0000000070314000 	C:\Program Files\Java\jre1.8.0_131\bin\sunec.dll
0x00000000702e0000 - 0x00000000702eb000 	C:\Program Files\Java\jre1.8.0_131\bin\sunmscapi.dll
0x00007fff90f40000 - 0x00007fff90f4a000 	C:\Windows\System32\rasadhlp.dll
0x00007fff90f50000 - 0x00007fff90fc9000 	C:\WINDOWS\System32\fwpuclnt.dll
0x00007fff8f1f0000 - 0x00007fff8f227000 	C:\Users\Pangha\AppData\Local\Temp\jna-Pangha\jna6584482711547766929.dll
0x00007fff89580000 - 0x00007fff895b4000 	C:\software\VLC\libvlc.dll
0x00007fff62de0000 - 0x00007fff63094000 	C:\software\VLC\libvlccore.dll
0x00007fff8f190000 - 0x00007fff8f1a8000 	C:\software\VLC\plugins\logger\libfile_logger_plugin.dll
0x00007fff8ed10000 - 0x00007fff8ed27000 	C:\software\VLC\plugins\logger\libconsole_logger_plugin.dll
0x00007fff8ec90000 - 0x00007fff8eca1000 	C:\software\VLC\plugins\keystore\libmemory_keystore_plugin.dll
0x00007fff8cb30000 - 0x00007fff8cb47000 	C:\software\VLC\plugins\audio_output\libmmdevice_plugin.dll
0x00007fff9e930000 - 0x00007fff9e9d2000 	C:\WINDOWS\System32\clbcatq.dll
0x00007fff937f0000 - 0x00007fff93860000 	C:\WINDOWS\System32\MMDevApi.dll
0x00007fff9aae0000 - 0x00007fff9ab09000 	C:\WINDOWS\System32\DEVOBJ.dll
0x00007fff97770000 - 0x00007fff97918000 	C:\WINDOWS\System32\PROPSYS.dll
0x00007fff93860000 - 0x00007fff939a8000 	C:\WINDOWS\SYSTEM32\AUDIOSES.DLL
0x00007fff96720000 - 0x00007fff96873000 	C:\WINDOWS\SYSTEM32\wintypes.dll
0x00007fff97070000 - 0x00007fff9707a000 	C:\WINDOWS\SYSTEM32\AVRT.dll
0x00007fff85da0000 - 0x00007fff85eda000 	C:\Windows\System32\Windows.UI.dll
0x00007fff85cd0000 - 0x00007fff85d9c000 	C:\Windows\System32\InputHost.dll
0x00007fff84680000 - 0x00007fff84715000 	C:\Windows\System32\TextInputFramework.dll
0x00007fff98d10000 - 0x00007fff98df2000 	C:\Windows\System32\CoreMessaging.dll
0x00007fff96920000 - 0x00007fff96c42000 	C:\Windows\System32\CoreUIComponents.dll
0x00007fff99440000 - 0x00007fff9964d000 	C:\Windows\System32\twinapi.appcore.dll
0x00007fff981e0000 - 0x00007fff9879e000 	C:\Windows\System32\d2d1.dll
0x00007fff97f50000 - 0x00007fff981ce000 	C:\Windows\System32\d3d11.dll
0x00007fff99df0000 - 0x00007fff99e21000 	C:\WINDOWS\SYSTEM32\ntmarta.dll
0x00007fff99650000 - 0x00007fff99678000 	C:\Windows\System32\RMCLIENT.dll
0x00007fff961e0000 - 0x00007fff96398000 	C:\WINDOWS\SYSTEM32\WindowsCodecs.dll
0x00007fff815d0000 - 0x00007fff81626000 	C:\WINDOWS\system32\dataexchange.dll
0x00007fff987a0000 - 0x00007fff98963000 	C:\WINDOWS\system32\dcomp.dll
0x000000006ff70000 - 0x000000006ff9a000 	C:\Program Files\Java\jre1.8.0_131\bin\dcpr.dll
0x00007fff6d220000 - 0x00007fff6d409000 	C:\WINDOWS\system32\SogouTSF.ime
0x00007fff6e710000 - 0x00007fff6e717000 	C:\WINDOWS\system32\MSIMG32.dll
0x00007fff6c9a0000 - 0x00007fff6d217000 	C:\WINDOWS\system32\SogouPy.ime
0x00007fff90fd0000 - 0x00007fff910c2000 	C:\WINDOWS\SYSTEM32\WINHTTP.dll
0x00007fff8df20000 - 0x00007fff8df8c000 	C:\WINDOWS\SYSTEM32\OLEACC.dll
0x000000002d210000 - 0x000000002d34c000 	C:\software\SogouInput\9.3.0.3129\Resource.dll
0x00007fff6c730000 - 0x00007fff6c999000 	C:\software\SogouInput\Components\PicFace\1.1.0.1859\PicFace64.dll
0x00007fff9e800000 - 0x00007fff9e927000 	C:\WINDOWS\System32\COMDLG32.dll
0x00007fff8bec0000 - 0x00007fff8c0ad000 	C:\WINDOWS\SYSTEM32\dbghelp.dll

VM Arguments:
jvm_args: -Dfile.encoding=UTF-8 
java_command: com.map.test.EarthDemo
java_class_path (initial): C:\Program Files\Java\jre1.8.0_131\lib\resources.jar;C:\Program Files\Java\jre1.8.0_131\lib\rt.jar;C:\Program Files\Java\jre1.8.0_131\lib\jsse.jar;C:\Program Files\Java\jre1.8.0_131\lib\jce.jar;C:\Program Files\Java\jre1.8.0_131\lib\charsets.jar;C:\Program Files\Java\jre1.8.0_131\lib\jfr.jar;C:\Program Files\Java\jre1.8.0_131\lib\ext\access-bridge-64.jar;C:\Program Files\Java\jre1.8.0_131\lib\ext\cldrdata.jar;C:\Program Files\Java\jre1.8.0_131\lib\ext\dnsns.jar;C:\Program Files\Java\jre1.8.0_131\lib\ext\jaccess.jar;C:\Program Files\Java\jre1.8.0_131\lib\ext\jfxrt.jar;C:\Program Files\Java\jre1.8.0_131\lib\ext\localedata.jar;C:\Program Files\Java\jre1.8.0_131\lib\ext\nashorn.jar;C:\Program Files\Java\jre1.8.0_131\lib\ext\sunec.jar;C:\Program Files\Java\jre1.8.0_131\lib\ext\sunjce_provider.jar;C:\Program Files\Java\jre1.8.0_131\lib\ext\sunmscapi.jar;C:\Program Files\Java\jre1.8.0_131\lib\ext\sunpkcs11.jar;C:\Program Files\Java\jre1.8.0_131\lib\ext\zipfs.jar;C:\Users\Pangha\Desktop\EarthDemo1.3\bin;C:\Users\Pangha\Desktop\EarthDemo1.3\lib\gluegen-rt-natives-windows-amd64.jar;C:\Users\Pangha\Desktop\EarthDemo1.3\lib\gluegen-rt.jar;C:\Users\Pangha\Desktop\EarthDemo1.3\lib\jogl-all-natives-windows-amd64.jar;C:\Users\Pangha\Desktop\EarthDemo1.3\lib\jogl-all.jar;C:\Users\Pangha\Desktop\EarthDemo1.3\lib\junit-4.5.jar;C:\Users\Pangha\Desktop\EarthDemo1.3\lib\worldwind.jar;C:\Users\Pangha\Desktop\EarthDemo1.3\lib\jai_codec.jar;C:\Users\Pangha\Desktop\EarthDemo1.3\lib\jai_core.jar;C:\Users\Pangha\Desktop\EarthDemo1.3\lib\jai_imageio-1.1.jar;C:\Users\Pangha\Desktop\EarthDemo1.3\lib\beautyeye_lnf.jar;C:\Users\Pangha\Desktop\EarthDemo1.3\lib\gdal.jar;C:\Users\Pangha\Desktop\EarthDemo1.3\lib\jna-3.5.2.jar;C:\Users\Pangha\Desktop\EarthDemo1.3\lib\platform-3.5.2.jar;C:\Users\Pangha\Desktop\EarthDemo1.3\lib\slf4j-api-1.7.10.jar;C:\Users\Pangha\Desktop\EarthDemo1.3\lib\slf4j-nop-1.7.25.jar;C:\Users\Pangha\Desktop\EarthDemo1.3\lib\vlcj-3.8.0.jar
Launcher Type: SUN_STANDARD

Environment Variables:
JAVA_HOME=C:\Program Files\Java\jdk1.8.0_131
CLASSPATH=.;C:\Program Files\Java\jdk1.8.0_131\lib\dt.jar;C:\Program Files\Java\jdk1.8.0_131\lib\tools.jar
PATH=C:/Program Files/Java/jre1.8.0_131/bin/server;C:/Program Files/Java/jre1.8.0_131/bin;C:/Program Files/Java/jre1.8.0_131/lib/amd64;C:\ProgramData\Oracle\Java\javapath;C:\WINDOWS\system32;C:\WINDOWS;C:\WINDOWS\System32\Wbem;C:\WINDOWS\System32\WindowsPowerShell\v1.0\;C:\Program Files\Java\jdk1.8.0_131\bin;C:\Program Files\Java\jdk1.8.0_131\jre\bin;C:\Program Files\MySQL\MySQL Server 5.1\bin;C:\software\Practice\WinSCP\;C:\WINDOWS\System32\OpenSSH\;C:\software\Git\cmd;C:\software\TortoiseGit\bin;C:\software\apache-maven-3.6.1\bin;C:\software\Team\eclipse-jee-oxygen-3-win32-x86_64\eclipse;C:\Users\Pangha\AppData\Local\Microsoft\WindowsApps;;C:\software\PyCharm Community Edition 2018.3.5\bin;;C:\Users\Pangha;
USERNAME=Pangha
OS=Windows_NT
PROCESSOR_IDENTIFIER=Intel64 Family 6 Model 158 Stepping 10, GenuineIntel



---------------  S Y S T E M  ---------------

OS: Windows 10.0 , 64 bit Build 17763 (10.0.17763.475)

CPU:total 12 (initial active 12) (6 cores per cpu, 2 threads per core) family 6 model 158 stepping 10, cmov, cx8, fxsr, mmx, sse, sse2, sse3, ssse3, sse4.1, sse4.2, popcnt, avx, avx2, aes, clmul, erms, rtm, 3dnowpref, lzcnt, ht, tsc, tscinvbit, bmi1, bmi2, adx

Memory: 4k page, physical 8268176k(3311708k free), swap 9578896k(3136604k free)

vm_info: Java HotSpot(TM) 64-Bit Server VM (25.131-b11) for windows-amd64 JRE (1.8.0_131-b11), built on Mar 15 2017 01:23:53 by "java_re" with MS VC++ 10.0 (VS2010)

time: Mon Jul 08 11:16:30 2019
elapsed time: 6 seconds (0d 0h 0m 6s)

