#
# A fatal error has been detected by the Java Runtime Environment:
#
#  EXCEPTION_ACCESS_VIOLATION (0xc0000005) at pc=0x00007fff9ed7df23, pid=1756, tid=0x0000000000002f4c
#
# JRE version: Java(TM) SE Runtime Environment (8.0_131-b11) (build 1.8.0_131-b11)
# Java VM: Java HotSpot(TM) 64-Bit Server VM (25.131-b11 mixed mode windows-amd64 compressed oops)
# Problematic frame:
# C  [ntdll.dll+0x4df23]
#
# Failed to write core dump. Minidumps are not enabled by default on client versions of Windows
#
# If you would like to submit a bug report, please visit:
#   http://bugreport.java.com/bugreport/crash.jsp
# The crash happened outside the Java Virtual Machine in native code.
# See problematic frame for where to report the bug.
#

---------------  T H R E A D  ---------------

Current thread (0x000000001defa800):  JavaThread "SwingWorker-pool-2-thread-1" daemon [_thread_in_native, id=12108, stack(0x000000002c080000,0x000000002c180000)]

siginfo: ExceptionCode=0xc0000005, writing address 0x0000000000000024

Registers:
RAX=0xffffffffffffffff, RBX=0x000000001ec3f880, RCX=0x0000000000000000, RDX=0xffffffffffffffff
RSP=0x000000002c17e030, RBP=0x0000000000000001, RSI=0x0000000000000000, RDI=0x0000000000000000
R8 =0x00000000fffffffa, R9 =0x00007fff8f200500, R10=0x0000000000000000, R11=0x000000002c17e150
R12=0x0000000000000000, R13=0xffffffffffffffff, R14=0x00000000010fa000, R15=0x0000000000000000
RIP=0x00007fff9ed7df23, EFLAGS=0x0000000000010213

Top of Stack: (sp=0x000000002c17e030)
0x000000002c17e030:   ffffffffffffffff 000000001ec3f880
0x000000002c17e040:   000000001a08ab00 0000000000000000
0x000000002c17e050:   000000002c17ea30 00007fff62f3bf80
0x000000002c17e060:   000000001defa800 0000000000000001
0x000000002c17e070:   00000000eb6e8ca0 0000000000000000
0x000000002c17e080:   0000000000000000 000000001ec3f800
0x000000002c17e090:   0000000000000001 00007fff9ed39bbc
0x000000002c17e0a0:   000000002c17e000 00007ffffffffffa
0x000000002c17e0b0:   00000000010fa000 000000001ec3f880
0x000000002c17e0c0:   000000002c17e888 00007fff9ed39ad0
0x000000002c17e0d0:   000000001ec3f878 000000002c17e180
0x000000002c17e0e0:   000000001ec3f800 00007fff895a8080
0x000000002c17e0f0:   000000002c17e180 00007fff89590437
0x000000002c17e100:   000000002c17e158 000000002c17e248
0x000000002c17e110:   0000000000000008 00000000705f9711
0x000000002c17e120:   00000000013ec579 4f067e059ad5213b 

Instructions: (pc=0x00007fff9ed7df23)
0x00007fff9ed7df03:   45 f7 48 39 7b 18 0f 84 bc 00 00 00 48 8b 0b 49
0x00007fff9ed7df13:   3b cd 0f 84 bd 00 00 00 44 8b e7 49 3b cd 74 03
0x00007fff9ed7df23:   ff 41 24 4c 8b 6b 18 48 8d 2d c7 15 11 00 45 33
0x00007fff9ed7df33:   f6 e8 47 4b fc ff 85 c0 0f 85 87 e0 06 00 b9 82 


Register to memory mapping:

RAX=0xffffffffffffffff is an unknown value
RBX=0x000000001ec3f880 is an unknown value
RCX=0x0000000000000000 is an unknown value
RDX=0xffffffffffffffff is an unknown value
RSP=0x000000002c17e030 is pointing into the stack for thread: 0x000000001defa800
RBP=0x0000000000000001 is an unknown value
RSI=0x0000000000000000 is an unknown value
RDI=0x0000000000000000 is an unknown value
R8 =0x00000000fffffffa is an unallocated location in the heap
R9 =0x00007fff8f200500 is an unknown value
R10=0x0000000000000000 is an unknown value
R11=0x000000002c17e150 is pointing into the stack for thread: 0x000000001defa800
R12=0x0000000000000000 is an unknown value
R13=0xffffffffffffffff is an unknown value
R14=0x00000000010fa000 is an unknown value
R15=0x0000000000000000 is an unknown value


Stack: [0x000000002c080000,0x000000002c180000],  sp=0x000000002c17e030,  free space=1016k
Native frames: (J=compiled Java code, j=interpreted, Vv=VM code, C=native code)
C  [ntdll.dll+0x4df23]
C  [ntdll.dll+0x9bbc]
C  [ntdll.dll+0x9ad0]
C  [libvlc.dll+0x10437]
C  [jna2466986391541204890.dll+0x176f3]
C  [jna2466986391541204890.dll+0xffe7]
C  [jna2466986391541204890.dll+0x3d1a]
C  [jna2466986391541204890.dll+0x4e97]
C  0x0000000004166fe3

Java frames: (J=compiled Java code, j=interpreted, Vv=VM code)
J 4737  com.sun.jna.Native.invokeLong(JI[Ljava/lang/Object;)J (0 bytes) @ 0x0000000004166f5d [0x0000000004166f00+0x5d]
J 4867 C1 com.sun.jna.Function.invoke([Ljava/lang/Object;Ljava/lang/Class;Z)Ljava/lang/Object; (1149 bytes) @ 0x000000000470470c [0x00000000046fd760+0x6fac]
J 4612 C1 com.sun.jna.Function.invoke(Ljava/lang/Class;[Ljava/lang/Object;Ljava/util/Map;)Ljava/lang/Object; (526 bytes) @ 0x0000000004094644 [0x00000000040931c0+0x1484]
J 4611 C1 com.sun.jna.Library$Handler.invoke(Ljava/lang/Object;Ljava/lang/reflect/Method;[Ljava/lang/Object;)Ljava/lang/Object; (345 bytes) @ 0x0000000003ed40cc [0x0000000003ed2140+0x1f8c]
J 4940 C1 com.sun.proxy.$Proxy1.libvlc_media_player_get_length(Luk/co/caprica/vlcj/binding/internal/libvlc_media_player_t;)J (39 bytes) @ 0x00000000043d950c [0x00000000043d9240+0x2cc]
J 4939 C1 uk.co.caprica.vlcj.player.DefaultMediaPlayer.getLength()J (25 bytes) @ 0x000000000438b46c [0x000000000438b2e0+0x18c]
j  com.map.video.VideoPlayer$1$1.doInBackground()Ljava/lang/String;+6
j  com.map.video.VideoPlayer$1$1.doInBackground()Ljava/lang/Object;+1
j  javax.swing.SwingWorker$1.call()Ljava/lang/Object;+14
j  java.util.concurrent.FutureTask.run()V+42
j  javax.swing.SwingWorker.run()V+4
j  java.util.concurrent.ThreadPoolExecutor.runWorker(Ljava/util/concurrent/ThreadPoolExecutor$Worker;)V+95
j  java.util.concurrent.ThreadPoolExecutor$Worker.run()V+5
j  java.lang.Thread.run()V+11
v  ~StubRoutines::call_stub

---------------  P R O C E S S  ---------------

Java Threads: ( => current thread )
  0x000000001defd000 JavaThread "Thread-0" daemon [_thread_in_native, id=12176, stack(0x000000003f030000,0x000000003f130000)]
  0x000000001df03800 JavaThread "Idle WorldWind Retriever" daemon [_thread_blocked, id=6312, stack(0x00000000332f0000,0x00000000333f0000)]
  0x000000001df06000 JavaThread "Idle WorldWind Task " daemon [_thread_blocked, id=10540, stack(0x0000000031df0000,0x0000000031ef0000)]
  0x000000001df09800 JavaThread "Idle WorldWind Task " daemon [_thread_blocked, id=4300, stack(0x0000000031cf0000,0x0000000031df0000)]
  0x000000001df04800 JavaThread "Idle WorldWind Task " daemon [_thread_blocked, id=4656, stack(0x0000000031bf0000,0x0000000031cf0000)]
  0x000000001defb800 JavaThread "Idle WorldWind Task " daemon [_thread_blocked, id=10332, stack(0x0000000031af0000,0x0000000031bf0000)]
  0x000000001defd800 JavaThread "Idle WorldWind Task " daemon [_thread_blocked, id=968, stack(0x00000000319f0000,0x0000000031af0000)]
  0x000000001df02000 JavaThread "TimerQueue" daemon [_thread_blocked, id=10512, stack(0x000000002c180000,0x000000002c280000)]
=>0x000000001defa800 JavaThread "SwingWorker-pool-2-thread-1" daemon [_thread_in_native, id=12108, stack(0x000000002c080000,0x000000002c180000)]
  0x000000001df00800 JavaThread "DestroyJavaVM" [_thread_blocked, id=11640, stack(0x00000000035a0000,0x00000000036a0000)]
  0x000000001c35e800 JavaThread "AWT-EventQueue-0" [_thread_blocked, id=1100, stack(0x000000001e570000,0x000000001e670000)]
  0x000000001bd5f800 JavaThread "AWT-Shutdown" [_thread_blocked, id=1480, stack(0x000000001c5d0000,0x000000001c6d0000)]
  0x000000001bd5e800 JavaThread "Java2D Disposer" daemon [_thread_blocked, id=3716, stack(0x000000001c4d0000,0x000000001c5d0000)]
  0x000000001a0ed800 JavaThread "Service Thread" daemon [_thread_blocked, id=8640, stack(0x000000001b940000,0x000000001ba40000)]
  0x000000001a061800 JavaThread "C1 CompilerThread3" daemon [_thread_blocked, id=4968, stack(0x000000001b840000,0x000000001b940000)]
  0x000000001a058000 JavaThread "C2 CompilerThread2" daemon [_thread_blocked, id=11668, stack(0x000000001b740000,0x000000001b840000)]
  0x000000001a053800 JavaThread "C2 CompilerThread1" daemon [_thread_blocked, id=2832, stack(0x000000001b640000,0x000000001b740000)]
  0x000000001a04d800 JavaThread "C2 CompilerThread0" daemon [_thread_blocked, id=3572, stack(0x000000001b540000,0x000000001b640000)]
  0x000000001a04a000 JavaThread "Attach Listener" daemon [_thread_blocked, id=1636, stack(0x000000001b440000,0x000000001b540000)]
  0x000000001a049800 JavaThread "Signal Dispatcher" daemon [_thread_blocked, id=12272, stack(0x000000001b340000,0x000000001b440000)]
  0x0000000019fe3000 JavaThread "Finalizer" daemon [_thread_blocked, id=12148, stack(0x000000001b240000,0x000000001b340000)]
  0x0000000003799000 JavaThread "Reference Handler" daemon [_thread_blocked, id=9356, stack(0x000000001b140000,0x000000001b240000)]

Other Threads:
  0x0000000019fc2800 VMThread [stack: 0x000000001b040000,0x000000001b140000] [id=3884]
  0x000000001a14a800 WatcherThread [stack: 0x000000001ba40000,0x000000001bb40000] [id=7636]

VM state:not at safepoint (normal execution)

VM Mutex/Monitor currently owned by a thread: None

Heap:
 PSYoungGen      total 337920K, used 80736K [0x00000000d5f00000, 0x00000000ec680000, 0x0000000100000000)
  eden space 329216K, 21% used [0x00000000d5f00000,0x00000000da55e418,0x00000000ea080000)
  from space 8704K, 99% used [0x00000000eb200000,0x00000000eba79f58,0x00000000eba80000)
  to   space 17920K, 0% used [0x00000000ea080000,0x00000000ea080000,0x00000000eb200000)
 ParOldGen       total 46080K, used 28115K [0x0000000081c00000, 0x0000000084900000, 0x00000000d5f00000)
  object space 46080K, 61% used [0x0000000081c00000,0x0000000083774f50,0x0000000084900000)
 Metaspace       used 34424K, capacity 34841K, committed 35072K, reserved 1081344K
  class space    used 3963K, capacity 4071K, committed 4096K, reserved 1048576K

Card table byte_map: [0x0000000012b60000,0x0000000012f60000] byte_map_base: 0x0000000012752000

Marking Bits: (ParMarkBitMap*) 0x0000000070cbc720
 Begin Bits: [0x0000000013c10000, 0x0000000015ba0000)
 End Bits:   [0x0000000015ba0000, 0x0000000017b30000)

Polling page: 0x00000000013a0000

CodeCache: size=245760Kb used=15111Kb max_used=15673Kb free=230648Kb
 bounds [0x00000000037a0000, 0x0000000004710000, 0x00000000127a0000]
 total_blobs=5320 nmethods=4333 adapters=898
 compilation: enabled

Compilation events (10 events):
Event: 37.206 Thread 0x000000001a061800 5014       3       sun.java2d.SunGraphics2D::<init> (180 bytes)
Event: 37.208 Thread 0x000000001a061800 nmethod 5014 0x0000000003b2d410 code [0x0000000003b2d5e0, 0x0000000003b2dff8]
Event: 37.208 Thread 0x000000001a061800 5015       3       java.awt.Graphics2D::<init> (5 bytes)
Event: 37.208 Thread 0x000000001a061800 nmethod 5015 0x0000000003953510 code [0x0000000003953680, 0x0000000003953890]
Event: 37.245 Thread 0x000000001a061800 5016   !   3       uk.co.caprica.vlcj.player.DefaultMediaPlayer$NotifyEventListenersRunnable::run (100 bytes)
Event: 37.247 Thread 0x000000001a061800 nmethod 5016 0x00000000041c4450 code [0x00000000041c4660, 0x00000000041c51a8]
Event: 37.340 Thread 0x000000001a061800 5017       3       com.sun.jna.Pointer::getPointer (10 bytes)
Event: 37.340 Thread 0x000000001a061800 nmethod 5017 0x0000000003b2cd90 code [0x0000000003b2cf20, 0x0000000003b2d288]
Event: 37.340 Thread 0x000000001a061800 5018       3       com.sun.jna.Native::getPointer (24 bytes)
Event: 37.340 Thread 0x000000001a061800 nmethod 5018 0x00000000042e8cd0 code [0x00000000042e8e40, 0x00000000042e9128]

GC Heap History (10 events):
Event: 2.390 GC heap before
{Heap before GC invocations=7 (full 1):
 PSYoungGen      total 71680K, used 68723K [0x00000000d5f00000, 0x00000000dea00000, 0x0000000100000000)
  eden space 66560K, 100% used [0x00000000d5f00000,0x00000000da000000,0x00000000da000000)
  from space 5120K, 42% used [0x00000000da000000,0x00000000da21cc20,0x00000000da500000)
  to   space 8704K, 0% used [0x00000000de180000,0x00000000de180000,0x00000000dea00000)
 ParOldGen       total 46080K, used 6543K [0x0000000081c00000, 0x0000000084900000, 0x00000000d5f00000)
  object space 46080K, 14% used [0x0000000081c00000,0x0000000082263dc8,0x0000000084900000)
 Metaspace       used 23207K, capacity 23461K, committed 23680K, reserved 1071104K
  class space    used 2584K, capacity 2663K, committed 2688K, reserved 1048576K
Event: 2.391 GC heap after
Heap after GC invocations=7 (full 1):
 PSYoungGen      total 133120K, used 656K [0x00000000d5f00000, 0x00000000dea80000, 0x0000000100000000)
  eden space 124416K, 0% used [0x00000000d5f00000,0x00000000d5f00000,0x00000000dd880000)
  from space 8704K, 7% used [0x00000000de180000,0x00000000de224020,0x00000000dea00000)
  to   space 9216K, 0% used [0x00000000dd880000,0x00000000dd880000,0x00000000de180000)
 ParOldGen       total 46080K, used 6551K [0x0000000081c00000, 0x0000000084900000, 0x00000000d5f00000)
  object space 46080K, 14% used [0x0000000081c00000,0x0000000082265dc8,0x0000000084900000)
 Metaspace       used 23207K, capacity 23461K, committed 23680K, reserved 1071104K
  class space    used 2584K, capacity 2663K, committed 2688K, reserved 1048576K
}
Event: 2.448 GC heap before
{Heap before GC invocations=8 (full 1):
 PSYoungGen      total 133120K, used 125072K [0x00000000d5f00000, 0x00000000dea80000, 0x0000000100000000)
  eden space 124416K, 100% used [0x00000000d5f00000,0x00000000dd880000,0x00000000dd880000)
  from space 8704K, 7% used [0x00000000de180000,0x00000000de224020,0x00000000dea00000)
  to   space 9216K, 0% used [0x00000000dd880000,0x00000000dd880000,0x00000000de180000)
 ParOldGen       total 46080K, used 6551K [0x0000000081c00000, 0x0000000084900000, 0x00000000d5f00000)
  object space 46080K, 14% used [0x0000000081c00000,0x0000000082265dc8,0x0000000084900000)
 Metaspace       used 24468K, capacity 24649K, committed 24832K, reserved 1071104K
  class space    used 2707K, capacity 2763K, committed 2816K, reserved 1048576K
Event: 2.449 GC heap after
Heap after GC invocations=8 (full 1):
 PSYoungGen      total 133632K, used 1179K [0x00000000d5f00000, 0x00000000e5180000, 0x0000000100000000)
  eden space 124416K, 0% used [0x00000000d5f00000,0x00000000d5f00000,0x00000000dd880000)
  from space 9216K, 12% used [0x00000000dd880000,0x00000000dd9a6de0,0x00000000de180000)
  to   space 9216K, 0% used [0x00000000e4880000,0x00000000e4880000,0x00000000e5180000)
 ParOldGen       total 46080K, used 6559K [0x0000000081c00000, 0x0000000084900000, 0x00000000d5f00000)
  object space 46080K, 14% used [0x0000000081c00000,0x0000000082267dc8,0x0000000084900000)
 Metaspace       used 24468K, capacity 24649K, committed 24832K, reserved 1071104K
  class space    used 2707K, capacity 2763K, committed 2816K, reserved 1048576K
}
Event: 2.504 GC heap before
{Heap before GC invocations=9 (full 1):
 PSYoungGen      total 133632K, used 125595K [0x00000000d5f00000, 0x00000000e5180000, 0x0000000100000000)
  eden space 124416K, 100% used [0x00000000d5f00000,0x00000000dd880000,0x00000000dd880000)
  from space 9216K, 12% used [0x00000000dd880000,0x00000000dd9a6de0,0x00000000de180000)
  to   space 9216K, 0% used [0x00000000e4880000,0x00000000e4880000,0x00000000e5180000)
 ParOldGen       total 46080K, used 6559K [0x0000000081c00000, 0x0000000084900000, 0x00000000d5f00000)
  object space 46080K, 14% used [0x0000000081c00000,0x0000000082267dc8,0x0000000084900000)
 Metaspace       used 25162K, capacity 25435K, committed 25728K, reserved 1073152K
  class space    used 2785K, capacity 2894K, committed 2944K, reserved 1048576K
Event: 2.506 GC heap after
Heap after GC invocations=9 (full 1):
 PSYoungGen      total 233984K, used 1861K [0x00000000d5f00000, 0x00000000e4f00000, 0x0000000100000000)
  eden space 227328K, 0% used [0x00000000d5f00000,0x00000000d5f00000,0x00000000e3d00000)
  from space 6656K, 27% used [0x00000000e4880000,0x00000000e4a51760,0x00000000e4f00000)
  to   space 9216K, 0% used [0x00000000e3d00000,0x00000000e3d00000,0x00000000e4600000)
 ParOldGen       total 46080K, used 6567K [0x0000000081c00000, 0x0000000084900000, 0x00000000d5f00000)
  object space 46080K, 14% used [0x0000000081c00000,0x0000000082269dc8,0x0000000084900000)
 Metaspace       used 25162K, capacity 25435K, committed 25728K, reserved 1073152K
  class space    used 2785K, capacity 2894K, committed 2944K, reserved 1048576K
}
Event: 2.597 GC heap before
{Heap before GC invocations=10 (full 1):
 PSYoungGen      total 233984K, used 229189K [0x00000000d5f00000, 0x00000000e4f00000, 0x0000000100000000)
  eden space 227328K, 100% used [0x00000000d5f00000,0x00000000e3d00000,0x00000000e3d00000)
  from space 6656K, 27% used [0x00000000e4880000,0x00000000e4a51760,0x00000000e4f00000)
  to   space 9216K, 0% used [0x00000000e3d00000,0x00000000e3d00000,0x00000000e4600000)
 ParOldGen       total 46080K, used 6567K [0x0000000081c00000, 0x0000000084900000, 0x00000000d5f00000)
  object space 46080K, 14% used [0x0000000081c00000,0x0000000082269dc8,0x0000000084900000)
 Metaspace       used 25795K, capacity 26119K, committed 26368K, reserved 1073152K
  class space    used 2843K, capacity 2966K, committed 3072K, reserved 1048576K
Event: 2.599 GC heap after
Heap after GC invocations=10 (full 1):
 PSYoungGen      total 236544K, used 2320K [0x00000000d5f00000, 0x00000000eba80000, 0x0000000100000000)
  eden space 227328K, 0% used [0x00000000d5f00000,0x00000000d5f00000,0x00000000e3d00000)
  from space 9216K, 25% used [0x00000000e3d00000,0x00000000e3f44070,0x00000000e4600000)
  to   space 8704K, 0% used [0x00000000eb200000,0x00000000eb200000,0x00000000eba80000)
 ParOldGen       total 46080K, used 6972K [0x0000000081c00000, 0x0000000084900000, 0x00000000d5f00000)
  object space 46080K, 15% used [0x0000000081c00000,0x00000000822cf1d8,0x0000000084900000)
 Metaspace       used 25795K, capacity 26119K, committed 26368K, reserved 1073152K
  class space    used 2843K, capacity 2966K, committed 3072K, reserved 1048576K
}
Event: 24.245 GC heap before
{Heap before GC invocations=11 (full 1):
 PSYoungGen      total 236544K, used 229648K [0x00000000d5f00000, 0x00000000eba80000, 0x0000000100000000)
  eden space 227328K, 100% used [0x00000000d5f00000,0x00000000e3d00000,0x00000000e3d00000)
  from space 9216K, 25% used [0x00000000e3d00000,0x00000000e3f44070,0x00000000e4600000)
  to   space 8704K, 0% used [0x00000000eb200000,0x00000000eb200000,0x00000000eba80000)
 ParOldGen       total 46080K, used 6972K [0x0000000081c00000, 0x0000000084900000, 0x00000000d5f00000)
  object space 46080K, 15% used [0x0000000081c00000,0x00000000822cf1d8,0x0000000084900000)
 Metaspace       used 34325K, capacity 34713K, committed 34816K, reserved 1079296K
  class space    used 3958K, capacity 4071K, committed 4096K, reserved 1048576K
Event: 24.258 GC heap after
Heap after GC invocations=11 (full 1):
 PSYoungGen      total 337920K, used 8679K [0x00000000d5f00000, 0x00000000ec680000, 0x0000000100000000)
  eden space 329216K, 0% used [0x00000000d5f00000,0x00000000d5f00000,0x00000000ea080000)
  from space 8704K, 99% used [0x00000000eb200000,0x00000000eba79f58,0x00000000eba80000)
  to   space 17920K, 0% used [0x00000000ea080000,0x00000000ea080000,0x00000000eb200000)
 ParOldGen       total 46080K, used 28115K [0x0000000081c00000, 0x0000000084900000, 0x00000000d5f00000)
  object space 46080K, 61% used [0x0000000081c00000,0x0000000083774f50,0x0000000084900000)
 Metaspace       used 34325K, capacity 34713K, committed 34816K, reserved 1079296K
  class space    used 3958K, capacity 4071K, committed 4096K, reserved 1048576K
}

Deoptimization events (10 events):
Event: 10.881 Thread 0x000000001c35e800 Uncommon trap: reason=unstable_if action=reinterpret pc=0x0000000003b17268 method=java.util.Hashtable.put(Ljava/lang/Object;Ljava/lang/Object;)Ljava/lang/Object; @ 63
Event: 10.923 Thread 0x000000001c35e800 Uncommon trap: reason=bimorphic action=maybe_recompile pc=0x00000000040a567c method=java.util.AbstractList$Itr.next()Ljava/lang/Object; @ 14
Event: 10.924 Thread 0x000000001c35e800 Uncommon trap: reason=bimorphic action=maybe_recompile pc=0x00000000040a567c method=java.util.AbstractList$Itr.next()Ljava/lang/Object; @ 14
Event: 10.924 Thread 0x000000001c35e800 Uncommon trap: reason=bimorphic action=maybe_recompile pc=0x00000000040a567c method=java.util.AbstractList$Itr.next()Ljava/lang/Object; @ 14
Event: 10.924 Thread 0x000000001c35e800 Uncommon trap: reason=bimorphic action=maybe_recompile pc=0x00000000040a567c method=java.util.AbstractList$Itr.next()Ljava/lang/Object; @ 14
Event: 10.952 Thread 0x000000001c35e800 Uncommon trap: reason=unstable_if action=reinterpret pc=0x0000000003abe124 method=sun.font.TrueTypeFont.getDirectoryEntry(I)Lsun/font/TrueTypeFont$DirectoryEntry; @ 7
Event: 22.694 Thread 0x000000001defc000 Uncommon trap: reason=null_check action=make_not_entrant pc=0x0000000003b4e278 method=com.sun.jna.Native.getNativeSize(Ljava/lang/Class;Ljava/lang/Object;)I @ 83
Event: 22.694 Thread 0x000000001defc000 Uncommon trap: reason=null_check action=make_not_entrant pc=0x000000000416e030 method=com.sun.jna.Native.getNativeSize(Ljava/lang/Class;Ljava/lang/Object;)I @ 83
Event: 28.945 Thread 0x000000001defc000 Uncommon trap: reason=null_check action=make_not_entrant pc=0x0000000003cdc564 method=com.sun.jna.Native.getNativeSize(Ljava/lang/Class;)I @ 23
Event: 33.747 Thread 0x000000001c35e800 Uncommon trap: reason=unstable_if action=reinterpret pc=0x0000000003c77db4 method=java.awt.Container.findComponentAtImpl(IIZ)Ljava/awt/Component; @ 131

Internal exceptions (10 events):
Event: 2.666 Thread 0x000000000359e000 Exception <a 'java/lang/UnsatisfiedLinkError': 找不到指定的程序。
> (0x00000000d7901158) thrown at [C:\re\workspace\8-2-build-windows-amd64-cygwin\jdk8u131\8869\hotspot\src\share\vm\prims\jni.cpp, line 735]
Event: 2.692 Thread 0x000000001c35e800 Exception <a 'java/lang/UnsatisfiedLinkError': 找不到指定的模块。
> (0x00000000d7dc5610) thrown at [C:\re\workspace\8-2-build-windows-amd64-cygwin\jdk8u131\8869\hotspot\src\share\vm\prims\jni.cpp, line 735]
Event: 2.693 Thread 0x000000001c35e800 Exception <a 'java/lang/UnsatisfiedLinkError': 找不到指定的模块。
> (0x00000000d7dc5910) thrown at [C:\re\workspace\8-2-build-windows-amd64-cygwin\jdk8u131\8869\hotspot\src\share\vm\prims\jni.cpp, line 735]
Event: 2.693 Thread 0x000000001c35e800 Exception <a 'java/lang/UnsatisfiedLinkError': 找不到指定的模块。
> (0x00000000d7dc5c98) thrown at [C:\re\workspace\8-2-build-windows-amd64-cygwin\jdk8u131\8869\hotspot\src\share\vm\prims\jni.cpp, line 735]
Event: 2.693 Thread 0x000000001c35e800 Exception <a 'java/lang/UnsatisfiedLinkError'> (0x00000000d7dcbfe8) thrown at [C:\re\workspace\8-2-build-windows-amd64-cygwin\jdk8u131\8869\hotspot\src\share\vm\oops\instanceKlass.cpp, line 964]
Event: 2.759 Thread 0x000000000359e000 Exception <a 'java/lang/reflect/InvocationTargetException'> (0x00000000d7c55d18) thrown at [C:\re\workspace\8-2-build-windows-amd64-cygwin\jdk8u131\8869\hotspot\src\share\vm\runtime\reflection.cpp, line 1092]
Event: 2.766 Thread 0x000000000359e000 Exception <a 'java/lang/reflect/InvocationTargetException'> (0x00000000d7cafc08) thrown at [C:\re\workspace\8-2-build-windows-amd64-cygwin\jdk8u131\8869\hotspot\src\share\vm\runtime\reflection.cpp, line 1092]
Event: 3.541 Thread 0x000000001d9e1000 Implicit null exception at 0x00000000041ca4d8 to 0x00000000041ca61d
Event: 3.541 Thread 0x000000001d9e2800 Implicit null exception at 0x00000000041ca4d8 to 0x00000000041ca61d
Event: 3.541 Thread 0x000000001defc000 Implicit null exception at 0x00000000041ca4d8 to 0x00000000041ca61d

Events (10 events):
Event: 37.368 loading class sun/awt/shell/Win32ShellFolderManager2$ComInvoker$1$1 done
Event: 37.368 Thread 0x000000001df07800 Thread exited: 0x000000001df07800
Event: 37.368 loading class java/util/WeakHashMap$KeyIterator
Event: 37.368 Thread 0x000000001df05000 Thread exited: 0x000000001df05000
Event: 37.368 loading class java/util/WeakHashMap$HashIterator
Event: 37.368 Thread 0x000000001df08000 Thread exited: 0x000000001df08000
Event: 37.368 loading class java/util/WeakHashMap$HashIterator done
Event: 37.368 loading class java/util/WeakHashMap$KeyIterator done
Event: 37.369 Thread 0x000000001df09000 Thread exited: 0x000000001df09000
Event: 37.370 Executing VM operation: RevokeBias


Dynamic libraries:
0x00007ff766d40000 - 0x00007ff766d77000 	C:\Program Files\Java\jre1.8.0_131\bin\javaw.exe
0x00007fff9ed30000 - 0x00007fff9ef1d000 	C:\WINDOWS\SYSTEM32\ntdll.dll
0x00007fff9bf60000 - 0x00007fff9c013000 	C:\WINDOWS\System32\KERNEL32.DLL
0x00007fff9bb10000 - 0x00007fff9bda3000 	C:\WINDOWS\System32\KERNELBASE.dll
0x00007fff9c020000 - 0x00007fff9c0c3000 	C:\WINDOWS\System32\ADVAPI32.dll
0x00007fff9e350000 - 0x00007fff9e3ee000 	C:\WINDOWS\System32\msvcrt.dll
0x00007fff9e9e0000 - 0x00007fff9ea7e000 	C:\WINDOWS\System32\sechost.dll
0x00007fff9e4c0000 - 0x00007fff9e5e2000 	C:\WINDOWS\System32\RPCRT4.dll
0x00007fff9e1b0000 - 0x00007fff9e347000 	C:\WINDOWS\System32\USER32.dll
0x00007fff9ae00000 - 0x00007fff9ae20000 	C:\WINDOWS\System32\win32u.dll
0x00007fff9e5f0000 - 0x00007fff9e619000 	C:\WINDOWS\System32\GDI32.dll
0x00007fff9b7a0000 - 0x00007fff9b93a000 	C:\WINDOWS\System32\gdi32full.dll
0x00007fff9be90000 - 0x00007fff9bf30000 	C:\WINDOWS\System32\msvcp_win.dll
0x00007fff9b940000 - 0x00007fff9ba3a000 	C:\WINDOWS\System32\ucrtbase.dll
0x00007fff8ada0000 - 0x00007fff8b019000 	C:\WINDOWS\WinSxS\amd64_microsoft.windows.common-controls_6595b64144ccf1df_6.0.17763.592_none_05b13d660722de30\COMCTL32.dll
0x00007fff9d6b0000 - 0x00007fff9d9dc000 	C:\WINDOWS\System32\combase.dll
0x00007fff9be10000 - 0x00007fff9be8e000 	C:\WINDOWS\System32\bcryptPrimitives.dll
0x00007fff9dd00000 - 0x00007fff9dd2e000 	C:\WINDOWS\System32\IMM32.DLL
0x00000000701f0000 - 0x00000000702c2000 	C:\Program Files\Java\jre1.8.0_131\bin\msvcr100.dll
0x00000000704a0000 - 0x0000000070d3c000 	C:\Program Files\Java\jre1.8.0_131\bin\server\jvm.dll
0x00007fff9e4b0000 - 0x00007fff9e4b8000 	C:\WINDOWS\System32\PSAPI.DLL
0x00007fff98f20000 - 0x00007fff98f44000 	C:\WINDOWS\SYSTEM32\WINMM.dll
0x00007fff914f0000 - 0x00007fff914f9000 	C:\WINDOWS\SYSTEM32\WSOCK32.dll
0x00007fff96030000 - 0x00007fff9603a000 	C:\WINDOWS\SYSTEM32\VERSION.dll
0x00007fff9d640000 - 0x00007fff9d6ad000 	C:\WINDOWS\System32\WS2_32.dll
0x00007fff98e00000 - 0x00007fff98e2d000 	C:\WINDOWS\SYSTEM32\WINMMBASE.dll
0x00007fff9b750000 - 0x00007fff9b79a000 	C:\WINDOWS\System32\cfgmgr32.dll
0x00000000703b0000 - 0x00000000703bf000 	C:\Program Files\Java\jre1.8.0_131\bin\verify.dll
0x0000000070380000 - 0x00000000703a9000 	C:\Program Files\Java\jre1.8.0_131\bin\java.dll
0x0000000070360000 - 0x0000000070376000 	C:\Program Files\Java\jre1.8.0_131\bin\zip.dll
0x00007fff9c0d0000 - 0x00007fff9d5c0000 	C:\WINDOWS\System32\SHELL32.dll
0x00007fff9eaa0000 - 0x00007fff9eb48000 	C:\WINDOWS\System32\shcore.dll
0x00007fff9ae20000 - 0x00007fff9b56a000 	C:\WINDOWS\System32\windows.storage.dll
0x00007fff9ad90000 - 0x00007fff9adb4000 	C:\WINDOWS\System32\profapi.dll
0x00007fff9ad30000 - 0x00007fff9ad8d000 	C:\WINDOWS\System32\powrprof.dll
0x00007fff9e7a0000 - 0x00007fff9e7f2000 	C:\WINDOWS\System32\shlwapi.dll
0x00007fff9adc0000 - 0x00007fff9add1000 	C:\WINDOWS\System32\kernel.appcore.dll
0x00007fff9ba40000 - 0x00007fff9ba57000 	C:\WINDOWS\System32\cryptsp.dll
0x0000000070050000 - 0x00000000701e8000 	C:\Program Files\Java\jre1.8.0_131\bin\awt.dll
0x00007fff9eb50000 - 0x00007fff9ec14000 	C:\WINDOWS\System32\OLEAUT32.dll
0x00007fff990e0000 - 0x00007fff9916c000 	C:\WINDOWS\SYSTEM32\apphelp.dll
0x00007fff99680000 - 0x00007fff996ae000 	C:\WINDOWS\system32\DWMAPI.DLL
0x00007fff9b570000 - 0x00007fff9b74b000 	C:\WINDOWS\System32\CRYPT32.dll
0x00007fff9ade0000 - 0x00007fff9adf2000 	C:\WINDOWS\System32\MSASN1.dll
0x00007fff99370000 - 0x00007fff9940c000 	C:\WINDOWS\system32\uxtheme.dll
0x00007fff869d0000 - 0x00007fff86af7000 	C:\WINDOWS\system32\opengl32.dll
0x00007fff89390000 - 0x00007fff893bc000 	C:\WINDOWS\SYSTEM32\GLU32.dll
0x00007fff9db90000 - 0x00007fff9dcfb000 	C:\WINDOWS\System32\MSCTF.dll
0x00007fff9e630000 - 0x00007fff9e785000 	C:\WINDOWS\System32\ole32.dll
0x00007fff9a110000 - 0x00007fff9a143000 	C:\WINDOWS\system32\rsaenh.dll
0x00007fff9bf30000 - 0x00007fff9bf56000 	C:\WINDOWS\System32\bcrypt.dll
0x00007fff9ac60000 - 0x00007fff9ac88000 	C:\WINDOWS\SYSTEM32\USERENV.dll
0x00007fff9a720000 - 0x00007fff9a72c000 	C:\WINDOWS\SYSTEM32\CRYPTBASE.dll
0x0000000070340000 - 0x000000007035a000 	C:\Program Files\Java\jre1.8.0_131\bin\net.dll
0x00007fff9a550000 - 0x00007fff9a5b7000 	C:\WINDOWS\system32\mswsock.dll
0x00007fff9a2b0000 - 0x00007fff9a2ed000 	C:\WINDOWS\SYSTEM32\IPHLPAPI.DLL
0x00007fff9e620000 - 0x00007fff9e628000 	C:\WINDOWS\System32\NSI.dll
0x00007fff96010000 - 0x00007fff96026000 	C:\WINDOWS\SYSTEM32\dhcpcsvc6.DLL
0x00007fff95e40000 - 0x00007fff95e5c000 	C:\WINDOWS\SYSTEM32\dhcpcsvc.DLL
0x00007fff9a2f0000 - 0x00007fff9a3b6000 	C:\WINDOWS\SYSTEM32\DNSAPI.dll
0x0000000070320000 - 0x0000000070331000 	C:\Program Files\Java\jre1.8.0_131\bin\nio.dll
0x0000000070000000 - 0x0000000070047000 	C:\Program Files\Java\jre1.8.0_131\bin\fontmanager.dll
0x000000006ffb0000 - 0x000000006fff2000 	C:\Program Files\Java\jre1.8.0_131\bin\t2k.dll
0x00000000637c0000 - 0x00000000637cd000 	C:\Users\Pangha\AppData\Local\Temp\jogamp_0000\file_cache\jln1132626894693891519\jln3585319575533577571\gluegen-rt.dll
0x000000006ffa0000 - 0x000000006ffa7000 	C:\Program Files\Java\jre1.8.0_131\bin\jawt.dll
0x000000006a440000 - 0x000000006a44d000 	C:\Users\Pangha\AppData\Local\Temp\jogamp_0000\file_cache\jln1132626894693891519\jln3585319575533577571\nativewindow_awt.dll
0x000000006c100000 - 0x000000006c10f000 	C:\Users\Pangha\AppData\Local\Temp\jogamp_0000\file_cache\jln1132626894693891519\jln3585319575533577571\nativewindow_win32.dll
0x0000000064500000 - 0x00000000645a0000 	C:\Users\Pangha\AppData\Local\Temp\jogamp_0000\file_cache\jln1132626894693891519\jln3585319575533577571\jogl_desktop.dll
0x00007fff5f520000 - 0x00007fff603b3000 	C:\WINDOWS\System32\DriverStore\FileRepository\iigd_dch_base.inf_amd64_b95c9a044993331b\ig9icd64.dll
0x00007fff99ab0000 - 0x00007fff99b72000 	C:\WINDOWS\system32\dxgi.dll
0x00007fff768c0000 - 0x00007fff769a2000 	C:\WINDOWS\System32\DriverStore\FileRepository\iigd_dch_base.inf_amd64_b95c9a044993331b\igdgmm64.dll
0x00007fff91810000 - 0x00007fff93775000 	C:\WINDOWS\System32\DriverStore\FileRepository\iigd_dch_base.inf_amd64_b95c9a044993331b\igc64.dll
0x00000000702f0000 - 0x0000000070314000 	C:\Program Files\Java\jre1.8.0_131\bin\sunec.dll
0x00007fff8f1f0000 - 0x00007fff8f227000 	C:\Users\Pangha\AppData\Local\Temp\jna-Pangha\jna2466986391541204890.dll
0x00007fff89580000 - 0x00007fff895b4000 	C:\software\VLC\libvlc.dll
0x00007fff62de0000 - 0x00007fff63094000 	C:\software\VLC\libvlccore.dll
0x00007fff8f190000 - 0x00007fff8f1a8000 	C:\software\VLC\plugins\logger\libfile_logger_plugin.dll
0x00007fff8ed10000 - 0x00007fff8ed27000 	C:\software\VLC\plugins\logger\libconsole_logger_plugin.dll
0x00007fff8ec90000 - 0x00007fff8eca1000 	C:\software\VLC\plugins\keystore\libmemory_keystore_plugin.dll
0x00007fff8cb30000 - 0x00007fff8cb47000 	C:\software\VLC\plugins\audio_output\libmmdevice_plugin.dll
0x00007fff9e930000 - 0x00007fff9e9d2000 	C:\WINDOWS\System32\clbcatq.dll
0x00007fff937f0000 - 0x00007fff93860000 	C:\WINDOWS\System32\MMDevApi.dll
0x00007fff97770000 - 0x00007fff97918000 	C:\WINDOWS\System32\PROPSYS.dll
0x00007fff9aae0000 - 0x00007fff9ab09000 	C:\WINDOWS\System32\DEVOBJ.dll
0x00007fff93860000 - 0x00007fff939a8000 	C:\WINDOWS\SYSTEM32\AUDIOSES.DLL
0x00007fff96720000 - 0x00007fff96873000 	C:\WINDOWS\SYSTEM32\wintypes.dll
0x00007fff97070000 - 0x00007fff9707a000 	C:\WINDOWS\SYSTEM32\AVRT.dll
0x00007fff85da0000 - 0x00007fff85eda000 	C:\Windows\System32\Windows.UI.dll
0x00007fff85cd0000 - 0x00007fff85d9c000 	C:\Windows\System32\InputHost.dll
0x00007fff84680000 - 0x00007fff84715000 	C:\Windows\System32\TextInputFramework.dll
0x00007fff98d10000 - 0x00007fff98df2000 	C:\Windows\System32\CoreMessaging.dll
0x00007fff99440000 - 0x00007fff9964d000 	C:\Windows\System32\twinapi.appcore.dll
0x00007fff96920000 - 0x00007fff96c42000 	C:\Windows\System32\CoreUIComponents.dll
0x00007fff981e0000 - 0x00007fff9879e000 	C:\Windows\System32\d2d1.dll
0x00007fff97f50000 - 0x00007fff981ce000 	C:\Windows\System32\d3d11.dll
0x00007fff99650000 - 0x00007fff99678000 	C:\Windows\System32\RMCLIENT.dll
0x00007fff99df0000 - 0x00007fff99e21000 	C:\WINDOWS\SYSTEM32\ntmarta.dll
0x00007fff961e0000 - 0x00007fff96398000 	C:\WINDOWS\SYSTEM32\WindowsCodecs.dll
0x00007fff815d0000 - 0x00007fff81626000 	C:\WINDOWS\system32\dataexchange.dll
0x00007fff987a0000 - 0x00007fff98963000 	C:\WINDOWS\system32\dcomp.dll
0x000000006ff70000 - 0x000000006ff9a000 	C:\Program Files\Java\jre1.8.0_131\bin\dcpr.dll
0x00000000702e0000 - 0x00000000702eb000 	C:\Program Files\Java\jre1.8.0_131\bin\sunmscapi.dll
0x00007fff90f40000 - 0x00007fff90f4a000 	C:\Windows\System32\rasadhlp.dll
0x00007fff6d220000 - 0x00007fff6d409000 	C:\WINDOWS\system32\SogouTSF.ime
0x00007fff6e710000 - 0x00007fff6e717000 	C:\WINDOWS\system32\MSIMG32.dll
0x00007fff6c9a0000 - 0x00007fff6d217000 	C:\WINDOWS\system32\SogouPy.ime
0x00007fff90fd0000 - 0x00007fff910c2000 	C:\WINDOWS\SYSTEM32\WINHTTP.dll
0x00007fff8df20000 - 0x00007fff8df8c000 	C:\WINDOWS\SYSTEM32\OLEACC.dll
0x000000002ddc0000 - 0x000000002defc000 	C:\software\SogouInput\9.3.0.3129\Resource.dll
0x00007fff6c730000 - 0x00007fff6c999000 	C:\software\SogouInput\Components\PicFace\1.1.0.1859\PicFace64.dll
0x00007fff9e800000 - 0x00007fff9e927000 	C:\WINDOWS\System32\COMDLG32.dll
0x00007fff90f50000 - 0x00007fff90fc9000 	C:\WINDOWS\System32\fwpuclnt.dll
0x00007fff80360000 - 0x00007fff80409000 	C:\WINDOWS\WinSxS\amd64_microsoft.windows.common-controls_6595b64144ccf1df_5.82.17763.592_none_10e827f0642ad571\comctl32.dll
0x00007fff7de60000 - 0x00007fff7df87000 	C:\WINDOWS\system32\NetworkExplorer.dll
0x00007fff80e90000 - 0x00007fff80ef1000 	C:\Windows\System32\thumbcache.dll
0x00007fff966a0000 - 0x00007fff96720000 	C:\WINDOWS\SYSTEM32\policymanager.dll
0x00007fff979a0000 - 0x00007fff97a2a000 	C:\WINDOWS\SYSTEM32\msvcp110_win.dll
0x00007fff8c190000 - 0x00007fff8c1ab000 	C:\WINDOWS\SYSTEM32\MPR.dll
0x00007fff7c890000 - 0x00007fff7c89b000 	C:\WINDOWS\System32\drprov.dll
0x00007fff9abd0000 - 0x00007fff9ac28000 	C:\WINDOWS\System32\WINSTA.dll
0x00007fff73210000 - 0x00007fff73225000 	C:\WINDOWS\System32\ntlanman.dll
0x00007fff72ed0000 - 0x00007fff72eed000 	C:\WINDOWS\System32\davclnt.dll
0x00007fff77ad0000 - 0x00007fff77adc000 	C:\WINDOWS\System32\DAVHLPR.dll
0x00007fff96cc0000 - 0x00007fff96cd7000 	C:\WINDOWS\System32\wkscli.dll
0x00007fff85aa0000 - 0x00007fff85ab2000 	C:\WINDOWS\SYSTEM32\cscapi.dll
0x00007fff9a3c0000 - 0x00007fff9a3ce000 	C:\WINDOWS\System32\netutils.dll
0x00007fff72f40000 - 0x00007fff72f8b000 	C:\Windows\System32\dlnashext.dll
0x00007fff8f110000 - 0x00007fff8f174000 	C:\Windows\System32\PlayToDevice.dll

VM Arguments:
jvm_args: -Dfile.encoding=UTF-8 
java_command: com.map.test.EarthDemo
java_class_path (initial): C:\Program Files\Java\jre1.8.0_131\lib\resources.jar;C:\Program Files\Java\jre1.8.0_131\lib\rt.jar;C:\Program Files\Java\jre1.8.0_131\lib\jsse.jar;C:\Program Files\Java\jre1.8.0_131\lib\jce.jar;C:\Program Files\Java\jre1.8.0_131\lib\charsets.jar;C:\Program Files\Java\jre1.8.0_131\lib\jfr.jar;C:\Program Files\Java\jre1.8.0_131\lib\ext\access-bridge-64.jar;C:\Program Files\Java\jre1.8.0_131\lib\ext\cldrdata.jar;C:\Program Files\Java\jre1.8.0_131\lib\ext\dnsns.jar;C:\Program Files\Java\jre1.8.0_131\lib\ext\jaccess.jar;C:\Program Files\Java\jre1.8.0_131\lib\ext\jfxrt.jar;C:\Program Files\Java\jre1.8.0_131\lib\ext\localedata.jar;C:\Program Files\Java\jre1.8.0_131\lib\ext\nashorn.jar;C:\Program Files\Java\jre1.8.0_131\lib\ext\sunec.jar;C:\Program Files\Java\jre1.8.0_131\lib\ext\sunjce_provider.jar;C:\Program Files\Java\jre1.8.0_131\lib\ext\sunmscapi.jar;C:\Program Files\Java\jre1.8.0_131\lib\ext\sunpkcs11.jar;C:\Program Files\Java\jre1.8.0_131\lib\ext\zipfs.jar;C:\Users\Pangha\Desktop\EarthDemo1.3\bin;C:\Users\Pangha\Desktop\EarthDemo1.3\lib\gluegen-rt-natives-windows-amd64.jar;C:\Users\Pangha\Desktop\EarthDemo1.3\lib\gluegen-rt.jar;C:\Users\Pangha\Desktop\EarthDemo1.3\lib\jogl-all-natives-windows-amd64.jar;C:\Users\Pangha\Desktop\EarthDemo1.3\lib\jogl-all.jar;C:\Users\Pangha\Desktop\EarthDemo1.3\lib\junit-4.5.jar;C:\Users\Pangha\Desktop\EarthDemo1.3\lib\worldwind.jar;C:\Users\Pangha\Desktop\EarthDemo1.3\lib\jai_codec.jar;C:\Users\Pangha\Desktop\EarthDemo1.3\lib\jai_core.jar;C:\Users\Pangha\Desktop\EarthDemo1.3\lib\jai_imageio-1.1.jar;C:\Users\Pangha\Desktop\EarthDemo1.3\lib\beautyeye_lnf.jar;C:\Users\Pangha\Desktop\EarthDemo1.3\lib\gdal.jar;C:\Users\Pangha\Desktop\EarthDemo1.3\lib\jna-3.5.2.jar;C:\Users\Pangha\Desktop\EarthDemo1.3\lib\platform-3.5.2.jar;C:\Users\Pangha\Desktop\EarthDemo1.3\lib\slf4j-api-1.7.10.jar;C:\Users\Pangha\Desktop\EarthDemo1.3\lib\slf4j-nop-1.7.25.jar;C:\Users\Pangha\Desktop\EarthDemo1.3\lib\vlcj-3.8.0.jar
Launcher Type: SUN_STANDARD

Environment Variables:
JAVA_HOME=C:\Program Files\Java\jdk1.8.0_131
CLASSPATH=.;C:\Program Files\Java\jdk1.8.0_131\lib\dt.jar;C:\Program Files\Java\jdk1.8.0_131\lib\tools.jar
PATH=C:/Program Files/Java/jre1.8.0_131/bin/server;C:/Program Files/Java/jre1.8.0_131/bin;C:/Program Files/Java/jre1.8.0_131/lib/amd64;C:\ProgramData\Oracle\Java\javapath;C:\WINDOWS\system32;C:\WINDOWS;C:\WINDOWS\System32\Wbem;C:\WINDOWS\System32\WindowsPowerShell\v1.0\;C:\Program Files\Java\jdk1.8.0_131\bin;C:\Program Files\Java\jdk1.8.0_131\jre\bin;C:\Program Files\MySQL\MySQL Server 5.1\bin;C:\software\Practice\WinSCP\;C:\WINDOWS\System32\OpenSSH\;C:\software\Git\cmd;C:\software\TortoiseGit\bin;C:\software\apache-maven-3.6.1\bin;C:\software\Team\eclipse-jee-oxygen-3-win32-x86_64\eclipse;C:\Users\Pangha\AppData\Local\Microsoft\WindowsApps;;C:\software\PyCharm Community Edition 2018.3.5\bin;;C:\Users\Pangha;
USERNAME=Pangha
OS=Windows_NT
PROCESSOR_IDENTIFIER=Intel64 Family 6 Model 158 Stepping 10, GenuineIntel



---------------  S Y S T E M  ---------------

OS: Windows 10.0 , 64 bit Build 17763 (10.0.17763.475)

CPU:total 12 (initial active 12) (6 cores per cpu, 2 threads per core) family 6 model 158 stepping 10, cmov, cx8, fxsr, mmx, sse, sse2, sse3, ssse3, sse4.1, sse4.2, popcnt, avx, avx2, aes, clmul, erms, rtm, 3dnowpref, lzcnt, ht, tsc, tscinvbit, bmi1, bmi2, adx

Memory: 4k page, physical 8268176k(3105992k free), swap 9578896k(3030560k free)

vm_info: Java HotSpot(TM) 64-Bit Server VM (25.131-b11) for windows-amd64 JRE (1.8.0_131-b11), built on Mar 15 2017 01:23:53 by "java_re" with MS VC++ 10.0 (VS2010)

time: Mon Jul 08 11:14:55 2019
elapsed time: 37 seconds (0d 0h 0m 37s)

