#
# A fatal error has been detected by the Java Runtime Environment:
#
#  EXCEPTION_ACCESS_VIOLATION (0xc0000005) at pc=0x00007fff9ed7df23, pid=3620, tid=0x0000000000002f2c
#
# JRE version: Java(TM) SE Runtime Environment (8.0_131-b11) (build 1.8.0_131-b11)
# Java VM: Java HotSpot(TM) 64-Bit Server VM (25.131-b11 mixed mode windows-amd64 compressed oops)
# Problematic frame:
# C  [ntdll.dll+0x4df23]
#
# Failed to write core dump. Minidumps are not enabled by default on client versions of Windows
#
# If you would like to submit a bug report, please visit:
#   http://bugreport.java.com/bugreport/crash.jsp
# The crash happened outside the Java Virtual Machine in native code.
# See problematic frame for where to report the bug.
#

---------------  T H R E A D  ---------------

Current thread (0x000000001cce1000):  JavaThread "SwingWorker-pool-2-thread-1" daemon [_thread_in_native, id=12076, stack(0x000000002b260000,0x000000002b360000)]

siginfo: ExceptionCode=0xc0000005, writing address 0x0000000000000024

Registers:
RAX=0xffffffffffffffff, RBX=0x000000001ddb3250, RCX=0x0000000000000000, RDX=0xffffffffffffffff
RSP=0x000000002b35ddf0, RBP=0x0000000000000001, RSI=0x0000000000000000, RDI=0x0000000000000000
R8 =0x00000000fffffffa, R9 =0x00007fff8f200500, R10=0x0000000000000000, R11=0x000000002b35df10
R12=0x0000000000000000, R13=0xffffffffffffffff, R14=0x00000000002a2000, R15=0x0000000000000000
RIP=0x00007fff9ed7df23, EFLAGS=0x0000000000010213

Top of Stack: (sp=0x000000002b35ddf0)
0x000000002b35ddf0:   ffffffffffffffff 000000001ddb3250
0x000000002b35de00:   000084694b9c199f 00007fff00000000
0x000000002b35de10:   0000000000000000 00007fff62e8eb3b
0x000000002b35de20:   000000001cce1000 0000000000000001
0x000000002b35de30:   00000000839024e8 0000000000000000
0x000000002b35de40:   0000000000000000 000000001ddb3100
0x000000002b35de50:   0000000000000001 00007fff9ed39bbc
0x000000002b35de60:   000000002b35de00 00007ffffffffffa
0x000000002b35de70:   00000000002a2000 000000001ddb3250
0x000000002b35de80:   000000002b35e648 00007fff9ed39ad0
0x000000002b35de90:   000000001ddb3248 000000002b35df40
0x000000002b35dea0:   000000001ddb31d0 00007fff895a8080
0x000000002b35deb0:   000000002b35df40 00007fff89590437
0x000000002b35dec0:   000000002b35df18 000000002b35e008
0x000000002b35ded0:   0000000000000008 00000000705f9711
0x000000002b35dee0:   000000001d358890 1a442003117b27e8 

Instructions: (pc=0x00007fff9ed7df23)
0x00007fff9ed7df03:   45 f7 48 39 7b 18 0f 84 bc 00 00 00 48 8b 0b 49
0x00007fff9ed7df13:   3b cd 0f 84 bd 00 00 00 44 8b e7 49 3b cd 74 03
0x00007fff9ed7df23:   ff 41 24 4c 8b 6b 18 48 8d 2d c7 15 11 00 45 33
0x00007fff9ed7df33:   f6 e8 47 4b fc ff 85 c0 0f 85 87 e0 06 00 b9 82 


Register to memory mapping:

RAX=0xffffffffffffffff is an unknown value
RBX=0x000000001ddb3250 is an unknown value
RCX=0x0000000000000000 is an unknown value
RDX=0xffffffffffffffff is an unknown value
RSP=0x000000002b35ddf0 is pointing into the stack for thread: 0x000000001cce1000
RBP=0x0000000000000001 is an unknown value
RSI=0x0000000000000000 is an unknown value
RDI=0x0000000000000000 is an unknown value
R8 =0x00000000fffffffa is an unallocated location in the heap
R9 =0x00007fff8f200500 is an unknown value
R10=0x0000000000000000 is an unknown value
R11=0x000000002b35df10 is pointing into the stack for thread: 0x000000001cce1000
R12=0x0000000000000000 is an unknown value
R13=0xffffffffffffffff is an unknown value
R14=0x00000000002a2000 is an unknown value
R15=0x0000000000000000 is an unknown value


Stack: [0x000000002b260000,0x000000002b360000],  sp=0x000000002b35ddf0,  free space=1015k
Native frames: (J=compiled Java code, j=interpreted, Vv=VM code, C=native code)
C  [ntdll.dll+0x4df23]
C  [ntdll.dll+0x9bbc]
C  [ntdll.dll+0x9ad0]
C  [libvlc.dll+0x10437]
C  [jna5796253924046559612.dll+0x176f3]
C  [jna5796253924046559612.dll+0xffe7]
C  [jna5796253924046559612.dll+0x3d1a]
C  [jna5796253924046559612.dll+0x4e97]
C  0x0000000002b7dee3

Java frames: (J=compiled Java code, j=interpreted, Vv=VM code)
J 4433  com.sun.jna.Native.invokeLong(JI[Ljava/lang/Object;)J (0 bytes) @ 0x0000000002b7de5d [0x0000000002b7de00+0x5d]
J 4480 C1 com.sun.jna.Function.invoke([Ljava/lang/Object;Ljava/lang/Class;Z)Ljava/lang/Object; (1149 bytes) @ 0x0000000003809e8c [0x0000000003802ee0+0x6fac]
J 4403 C1 com.sun.jna.Function.invoke(Ljava/lang/Class;[Ljava/lang/Object;Ljava/util/Map;)Ljava/lang/Object; (526 bytes) @ 0x00000000032850c4 [0x0000000003283c40+0x1484]
J 4402 C1 com.sun.jna.Library$Handler.invoke(Ljava/lang/Object;Ljava/lang/reflect/Method;[Ljava/lang/Object;)Ljava/lang/Object; (345 bytes) @ 0x0000000002bd8dcc [0x0000000002bd6e40+0x1f8c]
j  com.sun.proxy.$Proxy1.libvlc_media_player_get_length(Luk/co/caprica/vlcj/binding/internal/libvlc_media_player_t;)J+16
j  uk.co.caprica.vlcj.player.DefaultMediaPlayer.getLength()J+19
j  com.map.video.VideoPlayer$1$1.doInBackground()Ljava/lang/String;+6
j  com.map.video.VideoPlayer$1$1.doInBackground()Ljava/lang/Object;+1
j  javax.swing.SwingWorker$1.call()Ljava/lang/Object;+14
j  java.util.concurrent.FutureTask.run()V+42
j  javax.swing.SwingWorker.run()V+4
j  java.util.concurrent.ThreadPoolExecutor.runWorker(Ljava/util/concurrent/ThreadPoolExecutor$Worker;)V+95
j  java.util.concurrent.ThreadPoolExecutor$Worker.run()V+5
j  java.lang.Thread.run()V+11
v  ~StubRoutines::call_stub

---------------  P R O C E S S  ---------------

Java Threads: ( => current thread )
  0x000000001b11e000 JavaThread "Thread-30" daemon [_thread_blocked, id=12100, stack(0x00000000356d0000,0x00000000357d0000)]
  0x000000001ccde000 JavaThread "Idle WorldWind Retriever" daemon [_thread_blocked, id=6248, stack(0x0000000033230000,0x0000000033330000)]
  0x000000001ccdd000 JavaThread "Idle WorldWind Task " daemon [_thread_blocked, id=11984, stack(0x0000000031260000,0x0000000031360000)]
  0x000000001ccdc800 JavaThread "Idle WorldWind Task " daemon [_thread_blocked, id=1216, stack(0x0000000031160000,0x0000000031260000)]
  0x000000001ccde800 JavaThread "Idle WorldWind Task " daemon [_thread_blocked, id=11868, stack(0x0000000031060000,0x0000000031160000)]
  0x000000001ccdb000 JavaThread "Idle WorldWind Task " daemon [_thread_blocked, id=9856, stack(0x0000000030f60000,0x0000000031060000)]
  0x000000001ccdb800 JavaThread "Idle WorldWind Task " daemon [_thread_blocked, id=2356, stack(0x0000000030e60000,0x0000000030f60000)]
  0x000000001cce0000 JavaThread "TimerQueue" daemon [_thread_blocked, id=6772, stack(0x000000002b360000,0x000000002b460000)]
=>0x000000001cce1000 JavaThread "SwingWorker-pool-2-thread-1" daemon [_thread_in_native, id=12076, stack(0x000000002b260000,0x000000002b360000)]
  0x000000001ccd3800 JavaThread "DestroyJavaVM" [_thread_blocked, id=12212, stack(0x0000000002700000,0x0000000002800000)]
  0x000000001b11b000 JavaThread "main-SharedResourceRunner" daemon [_thread_blocked, id=10668, stack(0x000000001dfe0000,0x000000001e0e0000)]
  0x000000001c845000 JavaThread "AWT-EventQueue-0" [_thread_blocked, id=10096, stack(0x000000001d6e0000,0x000000001d7e0000)]
  0x000000001ae3f000 JavaThread "AWT-Windows" daemon [_thread_in_native, id=5536, stack(0x000000001b8b0000,0x000000001b9b0000)]
  0x000000001ae3d800 JavaThread "AWT-Shutdown" [_thread_blocked, id=6464, stack(0x000000001b7b0000,0x000000001b8b0000)]
  0x000000001ae3c800 JavaThread "Java2D Disposer" daemon [_thread_blocked, id=8940, stack(0x000000001b5b0000,0x000000001b6b0000)]
  0x0000000019252000 JavaThread "Service Thread" daemon [_thread_blocked, id=7736, stack(0x000000001ab00000,0x000000001ac00000)]
  0x00000000191c2800 JavaThread "C1 CompilerThread3" daemon [_thread_blocked, id=10780, stack(0x000000001aa00000,0x000000001ab00000)]
  0x00000000191b9000 JavaThread "C2 CompilerThread2" daemon [_thread_blocked, id=10828, stack(0x000000001a900000,0x000000001aa00000)]
  0x00000000191b4000 JavaThread "C2 CompilerThread1" daemon [_thread_blocked, id=8016, stack(0x000000001a800000,0x000000001a900000)]
  0x00000000191ae000 JavaThread "C2 CompilerThread0" daemon [_thread_blocked, id=8392, stack(0x000000001a700000,0x000000001a800000)]
  0x00000000191a7000 JavaThread "Attach Listener" daemon [_thread_blocked, id=8912, stack(0x000000001a600000,0x000000001a700000)]
  0x00000000191a6800 JavaThread "Signal Dispatcher" daemon [_thread_blocked, id=5912, stack(0x000000001a500000,0x000000001a600000)]
  0x0000000019143800 JavaThread "Finalizer" daemon [_thread_blocked, id=7256, stack(0x000000001a3a0000,0x000000001a4a0000)]
  0x0000000017a7c800 JavaThread "Reference Handler" daemon [_thread_blocked, id=2772, stack(0x000000001a2a0000,0x000000001a3a0000)]

Other Threads:
  0x0000000019122800 VMThread [stack: 0x000000001a1a0000,0x000000001a2a0000] [id=9040]
  0x00000000192cf000 WatcherThread [stack: 0x000000001ac00000,0x000000001ad00000] [id=4312]

VM state:not at safepoint (normal execution)

VM Mutex/Monitor currently owned by a thread: None

Heap:
 PSYoungGen      total 279552K, used 22528K [0x00000000d5f00000, 0x00000000e9880000, 0x0000000100000000)
  eden space 270848K, 8% used [0x00000000d5f00000,0x00000000d7500130,0x00000000e6780000)
  from space 8704K, 0% used [0x00000000e7d00000,0x00000000e7d00000,0x00000000e8580000)
  to   space 22016K, 0% used [0x00000000e6780000,0x00000000e6780000,0x00000000e7d00000)
 ParOldGen       total 100352K, used 34657K [0x0000000081c00000, 0x0000000087e00000, 0x00000000d5f00000)
  object space 100352K, 34% used [0x0000000081c00000,0x0000000083dd8710,0x0000000087e00000)
 Metaspace       used 32433K, capacity 32777K, committed 33152K, reserved 1079296K
  class space    used 3605K, capacity 3689K, committed 3712K, reserved 1048576K

Card table byte_map: [0x0000000011cc0000,0x00000000120c0000] byte_map_base: 0x00000000118b2000

Marking Bits: (ParMarkBitMap*) 0x0000000070cbc720
 Begin Bits: [0x0000000012d70000, 0x0000000014d00000)
 End Bits:   [0x0000000014d00000, 0x0000000016c90000)

Polling page: 0x00000000001f0000

CodeCache: size=245760Kb used=13380Kb max_used=15083Kb free=232379Kb
 bounds [0x0000000002900000, 0x0000000003820000, 0x0000000011900000]
 total_blobs=4819 nmethods=3841 adapters=890
 compilation: enabled

Compilation events (10 events):
Event: 17.430 Thread 0x00000000191c2800 4493       3       sun.java2d.loops.SurfaceType::pixelFor (10 bytes)
Event: 17.431 Thread 0x00000000191c2800 nmethod 4493 0x0000000002a79410 code [0x0000000002a79580, 0x0000000002a797a8]
Event: 17.555 Thread 0x00000000191c2800 4494       3       java.util.concurrent.atomic.AtomicBoolean::<init> (18 bytes)
Event: 17.555 Thread 0x00000000191c2800 nmethod 4494 0x0000000002c5cf10 code [0x0000000002c5d080, 0x0000000002c5d290]
Event: 17.598 Thread 0x00000000191c2800 4495       3       java.awt.Component::getGraphics (124 bytes)
Event: 17.598 Thread 0x00000000191c2800 nmethod 4495 0x0000000002e8f710 code [0x0000000002e8f920, 0x0000000002e90568]
Event: 17.598 Thread 0x00000000191c2800 4496       3       sun.java2d.pipe.Region::getIntersection (132 bytes)
Event: 17.598 Thread 0x00000000191c2800 nmethod 4496 0x0000000002ad9cd0 code [0x0000000002ad9e80, 0x0000000002ada688]
Event: 17.598 Thread 0x00000000191c2800 4497       3       org.jb2011.lnf.beautyeye.ch3_button.BEButtonUI$XPEmptyBorder::getBorderInsets (10 bytes)
Event: 17.599 Thread 0x00000000191c2800 nmethod 4497 0x00000000032fb3d0 code [0x00000000032fb560, 0x00000000032fb928]

GC Heap History (10 events):
Event: 1.239 GC heap before
{Heap before GC invocations=8 (full 1):
 PSYoungGen      total 125440K, used 117808K [0x00000000d5f00000, 0x00000000de300000, 0x0000000100000000)
  eden space 116736K, 100% used [0x00000000d5f00000,0x00000000dd100000,0x00000000dd100000)
  from space 8704K, 12% used [0x00000000dda80000,0x00000000ddb8c020,0x00000000de300000)
  to   space 9216K, 0% used [0x00000000dd100000,0x00000000dd100000,0x00000000dda00000)
 ParOldGen       total 49152K, used 6551K [0x0000000081c00000, 0x0000000084c00000, 0x00000000d5f00000)
  object space 49152K, 13% used [0x0000000081c00000,0x0000000082265d90,0x0000000084c00000)
 Metaspace       used 25351K, capacity 25605K, committed 25728K, reserved 1073152K
  class space    used 2813K, capacity 2901K, committed 2944K, reserved 1048576K
Event: 1.241 GC heap after
Heap after GC invocations=8 (full 1):
 PSYoungGen      total 125952K, used 2219K [0x00000000d5f00000, 0x00000000e3680000, 0x0000000100000000)
  eden space 116736K, 0% used [0x00000000d5f00000,0x00000000d5f00000,0x00000000dd100000)
  from space 9216K, 24% used [0x00000000dd100000,0x00000000dd32ae20,0x00000000dda00000)
  to   space 9216K, 0% used [0x00000000e2d80000,0x00000000e2d80000,0x00000000e3680000)
 ParOldGen       total 49152K, used 6559K [0x0000000081c00000, 0x0000000084c00000, 0x00000000d5f00000)
  object space 49152K, 13% used [0x0000000081c00000,0x0000000082267d90,0x0000000084c00000)
 Metaspace       used 25351K, capacity 25605K, committed 25728K, reserved 1073152K
  class space    used 2813K, capacity 2901K, committed 2944K, reserved 1048576K
}
Event: 1.297 GC heap before
{Heap before GC invocations=9 (full 1):
 PSYoungGen      total 125952K, used 118955K [0x00000000d5f00000, 0x00000000e3680000, 0x0000000100000000)
  eden space 116736K, 100% used [0x00000000d5f00000,0x00000000dd100000,0x00000000dd100000)
  from space 9216K, 24% used [0x00000000dd100000,0x00000000dd32ae20,0x00000000dda00000)
  to   space 9216K, 0% used [0x00000000e2d80000,0x00000000e2d80000,0x00000000e3680000)
 ParOldGen       total 49152K, used 6559K [0x0000000081c00000, 0x0000000084c00000, 0x00000000d5f00000)
  object space 49152K, 13% used [0x0000000081c00000,0x0000000082267d90,0x0000000084c00000)
 Metaspace       used 25817K, capacity 26123K, committed 26368K, reserved 1073152K
  class space    used 2863K, capacity 2966K, committed 3072K, reserved 1048576K
Event: 1.300 GC heap after
Heap after GC invocations=9 (full 1):
 PSYoungGen      total 207360K, used 3211K [0x00000000d5f00000, 0x00000000e3400000, 0x0000000100000000)
  eden space 200704K, 0% used [0x00000000d5f00000,0x00000000d5f00000,0x00000000e2300000)
  from space 6656K, 48% used [0x00000000e2d80000,0x00000000e30a2c10,0x00000000e3400000)
  to   space 8704K, 0% used [0x00000000e2300000,0x00000000e2300000,0x00000000e2b80000)
 ParOldGen       total 49152K, used 6559K [0x0000000081c00000, 0x0000000084c00000, 0x00000000d5f00000)
  object space 49152K, 13% used [0x0000000081c00000,0x0000000082267d90,0x0000000084c00000)
 Metaspace       used 25817K, capacity 26123K, committed 26368K, reserved 1073152K
  class space    used 2863K, capacity 2966K, committed 3072K, reserved 1048576K
}
Event: 1.375 GC heap before
{Heap before GC invocations=10 (full 1):
 PSYoungGen      total 207360K, used 203915K [0x00000000d5f00000, 0x00000000e3400000, 0x0000000100000000)
  eden space 200704K, 100% used [0x00000000d5f00000,0x00000000e2300000,0x00000000e2300000)
  from space 6656K, 48% used [0x00000000e2d80000,0x00000000e30a2c10,0x00000000e3400000)
  to   space 8704K, 0% used [0x00000000e2300000,0x00000000e2300000,0x00000000e2b80000)
 ParOldGen       total 49152K, used 6559K [0x0000000081c00000, 0x0000000084c00000, 0x00000000d5f00000)
  object space 49152K, 13% used [0x0000000081c00000,0x0000000082267d90,0x0000000084c00000)
 Metaspace       used 25904K, capacity 26187K, committed 26624K, reserved 1073152K
  class space    used 2863K, capacity 2966K, committed 3072K, reserved 1048576K
Event: 1.378 GC heap after
Heap after GC invocations=10 (full 1):
 PSYoungGen      total 209408K, used 2702K [0x00000000d5f00000, 0x00000000e8580000, 0x0000000100000000)
  eden space 200704K, 0% used [0x00000000d5f00000,0x00000000d5f00000,0x00000000e2300000)
  from space 8704K, 31% used [0x00000000e2300000,0x00000000e25a3930,0x00000000e2b80000)
  to   space 8704K, 0% used [0x00000000e7d00000,0x00000000e7d00000,0x00000000e8580000)
 ParOldGen       total 49152K, used 7312K [0x0000000081c00000, 0x0000000084c00000, 0x00000000d5f00000)
  object space 49152K, 14% used [0x0000000081c00000,0x00000000823241b0,0x0000000084c00000)
 Metaspace       used 25904K, capacity 26187K, committed 26624K, reserved 1073152K
  class space    used 2863K, capacity 2966K, committed 3072K, reserved 1048576K
}
Event: 4.953 GC heap before
{Heap before GC invocations=11 (full 1):
 PSYoungGen      total 209408K, used 203406K [0x00000000d5f00000, 0x00000000e8580000, 0x0000000100000000)
  eden space 200704K, 100% used [0x00000000d5f00000,0x00000000e2300000,0x00000000e2300000)
  from space 8704K, 31% used [0x00000000e2300000,0x00000000e25a3930,0x00000000e2b80000)
  to   space 8704K, 0% used [0x00000000e7d00000,0x00000000e7d00000,0x00000000e8580000)
 ParOldGen       total 49152K, used 7312K [0x0000000081c00000, 0x0000000084c00000, 0x00000000d5f00000)
  object space 49152K, 14% used [0x0000000081c00000,0x00000000823241b0,0x0000000084c00000)
 Metaspace       used 32140K, capacity 32463K, committed 32640K, reserved 1079296K
  class space    used 3602K, capacity 3690K, committed 3712K, reserved 1048576K
Event: 4.965 GC heap after
Heap after GC invocations=11 (full 1):
 PSYoungGen      total 279552K, used 8703K [0x00000000d5f00000, 0x00000000e9880000, 0x0000000100000000)
  eden space 270848K, 0% used [0x00000000d5f00000,0x00000000d5f00000,0x00000000e6780000)
  from space 8704K, 99% used [0x00000000e7d00000,0x00000000e857fd98,0x00000000e8580000)
  to   space 22016K, 0% used [0x00000000e6780000,0x00000000e6780000,0x00000000e7d00000)
 ParOldGen       total 49152K, used 40438K [0x0000000081c00000, 0x0000000084c00000, 0x00000000d5f00000)
  object space 49152K, 82% used [0x0000000081c00000,0x000000008437d8a8,0x0000000084c00000)
 Metaspace       used 32140K, capacity 32463K, committed 32640K, reserved 1079296K
  class space    used 3602K, capacity 3690K, committed 3712K, reserved 1048576K
}
Event: 4.965 GC heap before
{Heap before GC invocations=12 (full 2):
 PSYoungGen      total 279552K, used 8703K [0x00000000d5f00000, 0x00000000e9880000, 0x0000000100000000)
  eden space 270848K, 0% used [0x00000000d5f00000,0x00000000d5f00000,0x00000000e6780000)
  from space 8704K, 99% used [0x00000000e7d00000,0x00000000e857fd98,0x00000000e8580000)
  to   space 22016K, 0% used [0x00000000e6780000,0x00000000e6780000,0x00000000e7d00000)
 ParOldGen       total 49152K, used 40438K [0x0000000081c00000, 0x0000000084c00000, 0x00000000d5f00000)
  object space 49152K, 82% used [0x0000000081c00000,0x000000008437d8a8,0x0000000084c00000)
 Metaspace       used 32140K, capacity 32463K, committed 32640K, reserved 1079296K
  class space    used 3602K, capacity 3690K, committed 3712K, reserved 1048576K
Event: 4.987 GC heap after
Heap after GC invocations=12 (full 2):
 PSYoungGen      total 279552K, used 0K [0x00000000d5f00000, 0x00000000e9880000, 0x0000000100000000)
  eden space 270848K, 0% used [0x00000000d5f00000,0x00000000d5f00000,0x00000000e6780000)
  from space 8704K, 0% used [0x00000000e7d00000,0x00000000e7d00000,0x00000000e8580000)
  to   space 22016K, 0% used [0x00000000e6780000,0x00000000e6780000,0x00000000e7d00000)
 ParOldGen       total 100352K, used 34657K [0x0000000081c00000, 0x0000000087e00000, 0x00000000d5f00000)
  object space 100352K, 34% used [0x0000000081c00000,0x0000000083dd8710,0x0000000087e00000)
 Metaspace       used 32136K, capacity 32457K, committed 32640K, reserved 1079296K
  class space    used 3602K, capacity 3689K, committed 3712K, reserved 1048576K
}

Deoptimization events (10 events):
Event: 4.918 Thread 0x000000001c845000 Uncommon trap: reason=class_check action=maybe_recompile pc=0x00000000036bb5a4 method=gov.nasa.worldwind.geom.Sector.computeBoundingBox(Lgov/nasa/worldwind/globes/Globe;DLgov/nasa/worldwind/geom/Sector;)Lgov/nasa/worldwind/geom/Box; @ 62
Event: 4.918 Thread 0x000000001c845000 Uncommon trap: reason=class_check action=maybe_recompile pc=0x0000000003650530 method=gov.nasa.worldwind.geom.Sector.computeBoundingBox(Lgov/nasa/worldwind/globes/Globe;DLgov/nasa/worldwind/geom/Sector;DD)Lgov/nasa/worldwind/geom/Box; @ 193
Event: 4.918 Thread 0x000000001c845000 Uncommon trap: reason=unstable_if action=reinterpret pc=0x000000000367b6fc method=gov.nasa.worldwind.geom.Box.intersects(Lgov/nasa/worldwind/geom/Frustum;)Z @ 104
Event: 4.918 Thread 0x000000001c845000 Uncommon trap: reason=class_check action=maybe_recompile pc=0x000000000358f7ac method=gov.nasa.worldwind.globes.EllipsoidalGlobe.computePointFromPosition(Lgov/nasa/worldwind/geom/Angle;Lgov/nasa/worldwind/geom/Angle;D)Lgov/nasa/worldwind/geom/Vec4; @ 37
Event: 4.918 Thread 0x000000001c845000 Uncommon trap: reason=class_check action=maybe_recompile pc=0x000000000358f7ac method=gov.nasa.worldwind.globes.EllipsoidalGlobe.computePointFromPosition(Lgov/nasa/worldwind/geom/Angle;Lgov/nasa/worldwind/geom/Angle;D)Lgov/nasa/worldwind/geom/Vec4; @ 37
Event: 4.919 Thread 0x000000001c845000 Uncommon trap: reason=class_check action=maybe_recompile pc=0x000000000358f7ac method=gov.nasa.worldwind.globes.EllipsoidalGlobe.computePointFromPosition(Lgov/nasa/worldwind/geom/Angle;Lgov/nasa/worldwind/geom/Angle;D)Lgov/nasa/worldwind/geom/Vec4; @ 37
Event: 4.919 Thread 0x000000001c845000 Uncommon trap: reason=class_check action=maybe_recompile pc=0x000000000358f7ac method=gov.nasa.worldwind.globes.EllipsoidalGlobe.computePointFromPosition(Lgov/nasa/worldwind/geom/Angle;Lgov/nasa/worldwind/geom/Angle;D)Lgov/nasa/worldwind/geom/Vec4; @ 37
Event: 4.989 Thread 0x0000000019143800 Uncommon trap: reason=unstable_if action=reinterpret pc=0x0000000003274140 method=java.util.WeakHashMap.expungeStaleEntries()V @ 9
Event: 5.007 Thread 0x000000001c845000 Uncommon trap: reason=class_check action=maybe_recompile pc=0x00000000036bdf1c method=gov.nasa.worldwind.geom.Sector.computeBoundingBox(Lgov/nasa/worldwind/globes/Globe;DLgov/nasa/worldwind/geom/Sector;)Lgov/nasa/worldwind/geom/Box; @ 62
Event: 5.057 Thread 0x000000001ccdd000 Uncommon trap: reason=unstable_if action=reinterpret pc=0x00000000032a2b70 method=java.util.concurrent.ConcurrentHashMap.get(Ljava/lang/Object;)Ljava/lang/Object; @ 86

Internal exceptions (10 events):
Event: 1.457 Thread 0x00000000026fe000 Exception <a 'java/lang/UnsatisfiedLinkError': 找不到指定的程序。
> (0x00000000d9e922d8) thrown at [C:\re\workspace\8-2-build-windows-amd64-cygwin\jdk8u131\8869\hotspot\src\share\vm\prims\jni.cpp, line 735]
Event: 1.482 Thread 0x000000001c845000 Exception <a 'java/lang/UnsatisfiedLinkError': 找不到指定的模块。
> (0x00000000da3ba868) thrown at [C:\re\workspace\8-2-build-windows-amd64-cygwin\jdk8u131\8869\hotspot\src\share\vm\prims\jni.cpp, line 735]
Event: 1.483 Thread 0x000000001c845000 Exception <a 'java/lang/UnsatisfiedLinkError': 找不到指定的模块。
> (0x00000000da3bab68) thrown at [C:\re\workspace\8-2-build-windows-amd64-cygwin\jdk8u131\8869\hotspot\src\share\vm\prims\jni.cpp, line 735]
Event: 1.483 Thread 0x000000001c845000 Exception <a 'java/lang/UnsatisfiedLinkError': 找不到指定的模块。
> (0x00000000da3baef0) thrown at [C:\re\workspace\8-2-build-windows-amd64-cygwin\jdk8u131\8869\hotspot\src\share\vm\prims\jni.cpp, line 735]
Event: 1.483 Thread 0x000000001c845000 Exception <a 'java/lang/UnsatisfiedLinkError'> (0x00000000da3c1240) thrown at [C:\re\workspace\8-2-build-windows-amd64-cygwin\jdk8u131\8869\hotspot\src\share\vm\oops\instanceKlass.cpp, line 964]
Event: 1.535 Thread 0x00000000026fe000 Exception <a 'java/lang/reflect/InvocationTargetException'> (0x00000000da1e7948) thrown at [C:\re\workspace\8-2-build-windows-amd64-cygwin\jdk8u131\8869\hotspot\src\share\vm\runtime\reflection.cpp, line 1092]
Event: 1.542 Thread 0x00000000026fe000 Exception <a 'java/lang/reflect/InvocationTargetException'> (0x00000000daebcab0) thrown at [C:\re\workspace\8-2-build-windows-amd64-cygwin\jdk8u131\8869\hotspot\src\share\vm\runtime\reflection.cpp, line 1092]
Event: 1.660 Thread 0x000000001ccd7000 Implicit null exception at 0x00000000031ece18 to 0x00000000031ecf5d
Event: 1.660 Thread 0x000000001b119000 Implicit null exception at 0x00000000031ece18 to 0x00000000031ecf5d
Event: 4.917 Thread 0x000000001c845000 Implicit null exception at 0x00000000035ba2bf to 0x00000000035bb199

Events (10 events):
Event: 10.329 Thread 0x00000000191c2800 flushing nmethod 0x0000000003589910
Event: 10.423 Thread 0x00000000191c2800 flushing nmethod 0x00000000035fd4d0
Event: 10.423 Thread 0x00000000191c2800 flushing nmethod 0x000000000361c450
Event: 10.423 Thread 0x00000000191c2800 flushing nmethod 0x0000000003625110
Event: 10.423 Thread 0x00000000191c2800 flushing nmethod 0x00000000036324d0
Event: 10.423 Thread 0x00000000191c2800 flushing nmethod 0x00000000036511d0
Event: 10.423 Thread 0x00000000191c2800 flushing nmethod 0x0000000003667bd0
Event: 10.988 Thread 0x000000001ccda000 Thread exited: 0x000000001ccda000
Event: 12.052 Thread 0x000000001b11d800 Thread exited: 0x000000001b11d800
Event: 17.597 Thread 0x000000001cce1800 Thread exited: 0x000000001cce1800


Dynamic libraries:
0x00007ff766d40000 - 0x00007ff766d77000 	C:\Program Files\Java\jre1.8.0_131\bin\javaw.exe
0x00007fff9ed30000 - 0x00007fff9ef1d000 	C:\WINDOWS\SYSTEM32\ntdll.dll
0x00007fff9bf60000 - 0x00007fff9c013000 	C:\WINDOWS\System32\KERNEL32.DLL
0x00007fff9bb10000 - 0x00007fff9bda3000 	C:\WINDOWS\System32\KERNELBASE.dll
0x00007fff9c020000 - 0x00007fff9c0c3000 	C:\WINDOWS\System32\ADVAPI32.dll
0x00007fff9e350000 - 0x00007fff9e3ee000 	C:\WINDOWS\System32\msvcrt.dll
0x00007fff9e9e0000 - 0x00007fff9ea7e000 	C:\WINDOWS\System32\sechost.dll
0x00007fff9e4c0000 - 0x00007fff9e5e2000 	C:\WINDOWS\System32\RPCRT4.dll
0x00007fff9e1b0000 - 0x00007fff9e347000 	C:\WINDOWS\System32\USER32.dll
0x00007fff9ae00000 - 0x00007fff9ae20000 	C:\WINDOWS\System32\win32u.dll
0x00007fff9e5f0000 - 0x00007fff9e619000 	C:\WINDOWS\System32\GDI32.dll
0x00007fff9b7a0000 - 0x00007fff9b93a000 	C:\WINDOWS\System32\gdi32full.dll
0x00007fff9be90000 - 0x00007fff9bf30000 	C:\WINDOWS\System32\msvcp_win.dll
0x00007fff9b940000 - 0x00007fff9ba3a000 	C:\WINDOWS\System32\ucrtbase.dll
0x00007fff8ada0000 - 0x00007fff8b019000 	C:\WINDOWS\WinSxS\amd64_microsoft.windows.common-controls_6595b64144ccf1df_6.0.17763.592_none_05b13d660722de30\COMCTL32.dll
0x00007fff9d6b0000 - 0x00007fff9d9dc000 	C:\WINDOWS\System32\combase.dll
0x00007fff9be10000 - 0x00007fff9be8e000 	C:\WINDOWS\System32\bcryptPrimitives.dll
0x00007fff9dd00000 - 0x00007fff9dd2e000 	C:\WINDOWS\System32\IMM32.DLL
0x00000000701f0000 - 0x00000000702c2000 	C:\Program Files\Java\jre1.8.0_131\bin\msvcr100.dll
0x00000000704a0000 - 0x0000000070d3c000 	C:\Program Files\Java\jre1.8.0_131\bin\server\jvm.dll
0x00007fff9e4b0000 - 0x00007fff9e4b8000 	C:\WINDOWS\System32\PSAPI.DLL
0x00007fff914f0000 - 0x00007fff914f9000 	C:\WINDOWS\SYSTEM32\WSOCK32.dll
0x00007fff98f20000 - 0x00007fff98f44000 	C:\WINDOWS\SYSTEM32\WINMM.dll
0x00007fff96030000 - 0x00007fff9603a000 	C:\WINDOWS\SYSTEM32\VERSION.dll
0x00007fff9d640000 - 0x00007fff9d6ad000 	C:\WINDOWS\System32\WS2_32.dll
0x00007fff98e00000 - 0x00007fff98e2d000 	C:\WINDOWS\SYSTEM32\WINMMBASE.dll
0x00007fff9b750000 - 0x00007fff9b79a000 	C:\WINDOWS\System32\cfgmgr32.dll
0x00000000703b0000 - 0x00000000703bf000 	C:\Program Files\Java\jre1.8.0_131\bin\verify.dll
0x0000000070380000 - 0x00000000703a9000 	C:\Program Files\Java\jre1.8.0_131\bin\java.dll
0x0000000070360000 - 0x0000000070376000 	C:\Program Files\Java\jre1.8.0_131\bin\zip.dll
0x00007fff9c0d0000 - 0x00007fff9d5c0000 	C:\WINDOWS\System32\SHELL32.dll
0x00007fff9eaa0000 - 0x00007fff9eb48000 	C:\WINDOWS\System32\shcore.dll
0x00007fff9ae20000 - 0x00007fff9b56a000 	C:\WINDOWS\System32\windows.storage.dll
0x00007fff9ad90000 - 0x00007fff9adb4000 	C:\WINDOWS\System32\profapi.dll
0x00007fff9ad30000 - 0x00007fff9ad8d000 	C:\WINDOWS\System32\powrprof.dll
0x00007fff9e7a0000 - 0x00007fff9e7f2000 	C:\WINDOWS\System32\shlwapi.dll
0x00007fff9adc0000 - 0x00007fff9add1000 	C:\WINDOWS\System32\kernel.appcore.dll
0x00007fff9ba40000 - 0x00007fff9ba57000 	C:\WINDOWS\System32\cryptsp.dll
0x0000000070050000 - 0x00000000701e8000 	C:\Program Files\Java\jre1.8.0_131\bin\awt.dll
0x00007fff9eb50000 - 0x00007fff9ec14000 	C:\WINDOWS\System32\OLEAUT32.dll
0x00007fff990e0000 - 0x00007fff9916c000 	C:\WINDOWS\SYSTEM32\apphelp.dll
0x00007fff99680000 - 0x00007fff996ae000 	C:\WINDOWS\system32\DWMAPI.DLL
0x00007fff9b570000 - 0x00007fff9b74b000 	C:\WINDOWS\System32\CRYPT32.dll
0x00007fff9ade0000 - 0x00007fff9adf2000 	C:\WINDOWS\System32\MSASN1.dll
0x00007fff99370000 - 0x00007fff9940c000 	C:\WINDOWS\system32\uxtheme.dll
0x00007fff869d0000 - 0x00007fff86af7000 	C:\WINDOWS\system32\opengl32.dll
0x00007fff89390000 - 0x00007fff893bc000 	C:\WINDOWS\SYSTEM32\GLU32.dll
0x00007fff9db90000 - 0x00007fff9dcfb000 	C:\WINDOWS\System32\MSCTF.dll
0x00007fff9e630000 - 0x00007fff9e785000 	C:\WINDOWS\System32\ole32.dll
0x00007fff9a110000 - 0x00007fff9a143000 	C:\WINDOWS\system32\rsaenh.dll
0x00007fff9bf30000 - 0x00007fff9bf56000 	C:\WINDOWS\System32\bcrypt.dll
0x00007fff9ac60000 - 0x00007fff9ac88000 	C:\WINDOWS\SYSTEM32\USERENV.dll
0x00007fff9a720000 - 0x00007fff9a72c000 	C:\WINDOWS\SYSTEM32\CRYPTBASE.dll
0x0000000070340000 - 0x000000007035a000 	C:\Program Files\Java\jre1.8.0_131\bin\net.dll
0x00007fff9a550000 - 0x00007fff9a5b7000 	C:\WINDOWS\system32\mswsock.dll
0x00007fff9a2b0000 - 0x00007fff9a2ed000 	C:\WINDOWS\SYSTEM32\IPHLPAPI.DLL
0x00007fff9e620000 - 0x00007fff9e628000 	C:\WINDOWS\System32\NSI.dll
0x00007fff96010000 - 0x00007fff96026000 	C:\WINDOWS\SYSTEM32\dhcpcsvc6.DLL
0x00007fff95e40000 - 0x00007fff95e5c000 	C:\WINDOWS\SYSTEM32\dhcpcsvc.DLL
0x00007fff9a2f0000 - 0x00007fff9a3b6000 	C:\WINDOWS\SYSTEM32\DNSAPI.dll
0x0000000070320000 - 0x0000000070331000 	C:\Program Files\Java\jre1.8.0_131\bin\nio.dll
0x0000000070000000 - 0x0000000070047000 	C:\Program Files\Java\jre1.8.0_131\bin\fontmanager.dll
0x000000006ffb0000 - 0x000000006fff2000 	C:\Program Files\Java\jre1.8.0_131\bin\t2k.dll
0x00000000637c0000 - 0x00000000637cd000 	C:\Users\Pangha\AppData\Local\Temp\jogamp_0000\file_cache\jln7553810891850108272\jln7171708836688508733\gluegen-rt.dll
0x000000006ffa0000 - 0x000000006ffa7000 	C:\Program Files\Java\jre1.8.0_131\bin\jawt.dll
0x000000006a440000 - 0x000000006a44d000 	C:\Users\Pangha\AppData\Local\Temp\jogamp_0000\file_cache\jln7553810891850108272\jln7171708836688508733\nativewindow_awt.dll
0x000000006c100000 - 0x000000006c10f000 	C:\Users\Pangha\AppData\Local\Temp\jogamp_0000\file_cache\jln7553810891850108272\jln7171708836688508733\nativewindow_win32.dll
0x0000000064500000 - 0x00000000645a0000 	C:\Users\Pangha\AppData\Local\Temp\jogamp_0000\file_cache\jln7553810891850108272\jln7171708836688508733\jogl_desktop.dll
0x00007fff5f520000 - 0x00007fff603b3000 	C:\WINDOWS\System32\DriverStore\FileRepository\iigd_dch_base.inf_amd64_b95c9a044993331b\ig9icd64.dll
0x00007fff99ab0000 - 0x00007fff99b72000 	C:\WINDOWS\system32\dxgi.dll
0x00007fff768c0000 - 0x00007fff769a2000 	C:\WINDOWS\System32\DriverStore\FileRepository\iigd_dch_base.inf_amd64_b95c9a044993331b\igdgmm64.dll
0x00007fff91810000 - 0x00007fff93775000 	C:\WINDOWS\System32\DriverStore\FileRepository\iigd_dch_base.inf_amd64_b95c9a044993331b\igc64.dll
0x00000000702f0000 - 0x0000000070314000 	C:\Program Files\Java\jre1.8.0_131\bin\sunec.dll
0x00000000702e0000 - 0x00000000702eb000 	C:\Program Files\Java\jre1.8.0_131\bin\sunmscapi.dll
0x00007fff90f40000 - 0x00007fff90f4a000 	C:\Windows\System32\rasadhlp.dll
0x00007fff90f50000 - 0x00007fff90fc9000 	C:\WINDOWS\System32\fwpuclnt.dll
0x00007fff8f1f0000 - 0x00007fff8f227000 	C:\Users\Pangha\AppData\Local\Temp\jna-Pangha\jna5796253924046559612.dll
0x00007fff89580000 - 0x00007fff895b4000 	C:\software\VLC\libvlc.dll
0x00007fff62de0000 - 0x00007fff63094000 	C:\software\VLC\libvlccore.dll
0x00007fff8f190000 - 0x00007fff8f1a8000 	C:\software\VLC\plugins\logger\libfile_logger_plugin.dll
0x00007fff8ed10000 - 0x00007fff8ed27000 	C:\software\VLC\plugins\logger\libconsole_logger_plugin.dll
0x00007fff8ec90000 - 0x00007fff8eca1000 	C:\software\VLC\plugins\keystore\libmemory_keystore_plugin.dll
0x00007fff8cb30000 - 0x00007fff8cb47000 	C:\software\VLC\plugins\audio_output\libmmdevice_plugin.dll
0x00007fff9e930000 - 0x00007fff9e9d2000 	C:\WINDOWS\System32\clbcatq.dll
0x00007fff937f0000 - 0x00007fff93860000 	C:\WINDOWS\System32\MMDevApi.dll
0x00007fff97770000 - 0x00007fff97918000 	C:\WINDOWS\System32\PROPSYS.dll
0x00007fff9aae0000 - 0x00007fff9ab09000 	C:\WINDOWS\System32\DEVOBJ.dll
0x00007fff93860000 - 0x00007fff939a8000 	C:\WINDOWS\SYSTEM32\AUDIOSES.DLL
0x00007fff96720000 - 0x00007fff96873000 	C:\WINDOWS\SYSTEM32\wintypes.dll
0x00007fff97070000 - 0x00007fff9707a000 	C:\WINDOWS\SYSTEM32\AVRT.dll
0x00007fff85da0000 - 0x00007fff85eda000 	C:\Windows\System32\Windows.UI.dll
0x00007fff84680000 - 0x00007fff84715000 	C:\Windows\System32\TextInputFramework.dll
0x00007fff85cd0000 - 0x00007fff85d9c000 	C:\Windows\System32\InputHost.dll
0x00007fff98d10000 - 0x00007fff98df2000 	C:\Windows\System32\CoreMessaging.dll
0x00007fff96920000 - 0x00007fff96c42000 	C:\Windows\System32\CoreUIComponents.dll
0x00007fff99440000 - 0x00007fff9964d000 	C:\Windows\System32\twinapi.appcore.dll
0x00007fff981e0000 - 0x00007fff9879e000 	C:\Windows\System32\d2d1.dll
0x00007fff97f50000 - 0x00007fff981ce000 	C:\Windows\System32\d3d11.dll
0x00007fff99df0000 - 0x00007fff99e21000 	C:\WINDOWS\SYSTEM32\ntmarta.dll
0x00007fff99650000 - 0x00007fff99678000 	C:\Windows\System32\RMCLIENT.dll
0x00007fff961e0000 - 0x00007fff96398000 	C:\WINDOWS\SYSTEM32\WindowsCodecs.dll
0x00007fff815d0000 - 0x00007fff81626000 	C:\WINDOWS\system32\dataexchange.dll
0x00007fff987a0000 - 0x00007fff98963000 	C:\WINDOWS\system32\dcomp.dll
0x000000006ff70000 - 0x000000006ff9a000 	C:\Program Files\Java\jre1.8.0_131\bin\dcpr.dll
0x00007fff6d220000 - 0x00007fff6d409000 	C:\WINDOWS\system32\SogouTSF.ime
0x00007fff6e710000 - 0x00007fff6e717000 	C:\WINDOWS\system32\MSIMG32.dll
0x00007fff6c9a0000 - 0x00007fff6d217000 	C:\WINDOWS\system32\SogouPy.ime
0x00007fff90fd0000 - 0x00007fff910c2000 	C:\WINDOWS\SYSTEM32\WINHTTP.dll
0x00007fff8df20000 - 0x00007fff8df8c000 	C:\WINDOWS\SYSTEM32\OLEACC.dll
0x000000002cc30000 - 0x000000002cd6c000 	C:\software\SogouInput\9.3.0.3129\Resource.dll
0x00007fff6c730000 - 0x00007fff6c999000 	C:\software\SogouInput\Components\PicFace\1.1.0.1859\PicFace64.dll
0x00007fff9e800000 - 0x00007fff9e927000 	C:\WINDOWS\System32\COMDLG32.dll
0x00007fff8bec0000 - 0x00007fff8c0ad000 	C:\WINDOWS\SYSTEM32\dbghelp.dll

VM Arguments:
jvm_args: -Dfile.encoding=UTF-8 
java_command: com.map.test.EarthDemo
java_class_path (initial): C:\Program Files\Java\jre1.8.0_131\lib\resources.jar;C:\Program Files\Java\jre1.8.0_131\lib\rt.jar;C:\Program Files\Java\jre1.8.0_131\lib\jsse.jar;C:\Program Files\Java\jre1.8.0_131\lib\jce.jar;C:\Program Files\Java\jre1.8.0_131\lib\charsets.jar;C:\Program Files\Java\jre1.8.0_131\lib\jfr.jar;C:\Program Files\Java\jre1.8.0_131\lib\ext\access-bridge-64.jar;C:\Program Files\Java\jre1.8.0_131\lib\ext\cldrdata.jar;C:\Program Files\Java\jre1.8.0_131\lib\ext\dnsns.jar;C:\Program Files\Java\jre1.8.0_131\lib\ext\jaccess.jar;C:\Program Files\Java\jre1.8.0_131\lib\ext\jfxrt.jar;C:\Program Files\Java\jre1.8.0_131\lib\ext\localedata.jar;C:\Program Files\Java\jre1.8.0_131\lib\ext\nashorn.jar;C:\Program Files\Java\jre1.8.0_131\lib\ext\sunec.jar;C:\Program Files\Java\jre1.8.0_131\lib\ext\sunjce_provider.jar;C:\Program Files\Java\jre1.8.0_131\lib\ext\sunmscapi.jar;C:\Program Files\Java\jre1.8.0_131\lib\ext\sunpkcs11.jar;C:\Program Files\Java\jre1.8.0_131\lib\ext\zipfs.jar;C:\Users\Pangha\Desktop\EarthDemo1.3\bin;C:\Users\Pangha\Desktop\EarthDemo1.3\lib\gluegen-rt-natives-windows-amd64.jar;C:\Users\Pangha\Desktop\EarthDemo1.3\lib\gluegen-rt.jar;C:\Users\Pangha\Desktop\EarthDemo1.3\lib\jogl-all-natives-windows-amd64.jar;C:\Users\Pangha\Desktop\EarthDemo1.3\lib\jogl-all.jar;C:\Users\Pangha\Desktop\EarthDemo1.3\lib\junit-4.5.jar;C:\Users\Pangha\Desktop\EarthDemo1.3\lib\worldwind.jar;C:\Users\Pangha\Desktop\EarthDemo1.3\lib\jai_codec.jar;C:\Users\Pangha\Desktop\EarthDemo1.3\lib\jai_core.jar;C:\Users\Pangha\Desktop\EarthDemo1.3\lib\jai_imageio-1.1.jar;C:\Users\Pangha\Desktop\EarthDemo1.3\lib\beautyeye_lnf.jar;C:\Users\Pangha\Desktop\EarthDemo1.3\lib\gdal.jar;C:\Users\Pangha\Desktop\EarthDemo1.3\lib\jna-3.5.2.jar;C:\Users\Pangha\Desktop\EarthDemo1.3\lib\platform-3.5.2.jar;C:\Users\Pangha\Desktop\EarthDemo1.3\lib\slf4j-api-1.7.10.jar;C:\Users\Pangha\Desktop\EarthDemo1.3\lib\slf4j-nop-1.7.25.jar;C:\Users\Pangha\Desktop\EarthDemo1.3\lib\vlcj-3.8.0.jar
Launcher Type: SUN_STANDARD

Environment Variables:
JAVA_HOME=C:\Program Files\Java\jdk1.8.0_131
CLASSPATH=.;C:\Program Files\Java\jdk1.8.0_131\lib\dt.jar;C:\Program Files\Java\jdk1.8.0_131\lib\tools.jar
PATH=C:/Program Files/Java/jre1.8.0_131/bin/server;C:/Program Files/Java/jre1.8.0_131/bin;C:/Program Files/Java/jre1.8.0_131/lib/amd64;C:\ProgramData\Oracle\Java\javapath;C:\WINDOWS\system32;C:\WINDOWS;C:\WINDOWS\System32\Wbem;C:\WINDOWS\System32\WindowsPowerShell\v1.0\;C:\Program Files\Java\jdk1.8.0_131\bin;C:\Program Files\Java\jdk1.8.0_131\jre\bin;C:\Program Files\MySQL\MySQL Server 5.1\bin;C:\software\Practice\WinSCP\;C:\WINDOWS\System32\OpenSSH\;C:\software\Git\cmd;C:\software\TortoiseGit\bin;C:\software\apache-maven-3.6.1\bin;C:\software\Team\eclipse-jee-oxygen-3-win32-x86_64\eclipse;C:\Users\Pangha\AppData\Local\Microsoft\WindowsApps;;C:\software\PyCharm Community Edition 2018.3.5\bin;;C:\Users\Pangha;
USERNAME=Pangha
OS=Windows_NT
PROCESSOR_IDENTIFIER=Intel64 Family 6 Model 158 Stepping 10, GenuineIntel



---------------  S Y S T E M  ---------------

OS: Windows 10.0 , 64 bit Build 17763 (10.0.17763.475)

CPU:total 12 (initial active 12) (6 cores per cpu, 2 threads per core) family 6 model 158 stepping 10, cmov, cx8, fxsr, mmx, sse, sse2, sse3, ssse3, sse4.1, sse4.2, popcnt, avx, avx2, aes, clmul, erms, rtm, 3dnowpref, lzcnt, ht, tsc, tscinvbit, bmi1, bmi2, adx

Memory: 4k page, physical 8268176k(3256188k free), swap 9578896k(3059864k free)

vm_info: Java HotSpot(TM) 64-Bit Server VM (25.131-b11) for windows-amd64 JRE (1.8.0_131-b11), built on Mar 15 2017 01:23:53 by "java_re" with MS VC++ 10.0 (VS2010)

time: Mon Jul 08 11:17:24 2019
elapsed time: 17 seconds (0d 0h 0m 17s)

